<?xml version="1.0" encoding="UTF-8"?>
<testsuite xmlns:xsi="http://www.w3.org/2001/XMLSchema-instance" xsi:noNamespaceSchemaLocation="https://maven.apache.org/surefire/maven-surefire-plugin/xsd/surefire-test-report-3.0.xsd" version="3.0" name="com.schedule.controller.AdminControllerTest" time="0.702" tests="3" errors="0" skipped="0" failures="0">
  <properties>
    <property name="java.specification.version" value="17"/>
    <property name="sun.jnu.encoding" value="UTF-8"/>
    <property name="java.class.path" value="/Users/linhdo/IdeaProjects/d424-software-engineering-capstone/target/test-classes:/Users/linhdo/IdeaProjects/d424-software-engineering-capstone/target/classes:/Users/linhdo/.m2/repository/org/springframework/boot/spring-boot-starter-web/3.1.5/spring-boot-starter-web-3.1.5.jar:/Users/linhdo/.m2/repository/org/springframework/boot/spring-boot-starter/3.1.5/spring-boot-starter-3.1.5.jar:/Users/linhdo/.m2/repository/org/springframework/boot/spring-boot/3.1.5/spring-boot-3.1.5.jar:/Users/linhdo/.m2/repository/org/springframework/boot/spring-boot-autoconfigure/3.1.5/spring-boot-autoconfigure-3.1.5.jar:/Users/linhdo/.m2/repository/org/springframework/boot/spring-boot-starter-logging/3.1.5/spring-boot-starter-logging-3.1.5.jar:/Users/linhdo/.m2/repository/ch/qos/logback/logback-classic/1.4.11/logback-classic-1.4.11.jar:/Users/linhdo/.m2/repository/ch/qos/logback/logback-core/1.4.11/logback-core-1.4.11.jar:/Users/linhdo/.m2/repository/org/apache/logging/log4j/log4j-to-slf4j/2.20.0/log4j-to-slf4j-2.20.0.jar:/Users/linhdo/.m2/repository/org/apache/logging/log4j/log4j-api/2.20.0/log4j-api-2.20.0.jar:/Users/linhdo/.m2/repository/org/slf4j/jul-to-slf4j/2.0.9/jul-to-slf4j-2.0.9.jar:/Users/linhdo/.m2/repository/jakarta/annotation/jakarta.annotation-api/2.1.1/jakarta.annotation-api-2.1.1.jar:/Users/linhdo/.m2/repository/org/yaml/snakeyaml/1.33/snakeyaml-1.33.jar:/Users/linhdo/.m2/repository/org/springframework/boot/spring-boot-starter-json/3.1.5/spring-boot-starter-json-3.1.5.jar:/Users/linhdo/.m2/repository/com/fasterxml/jackson/core/jackson-databind/2.15.3/jackson-databind-2.15.3.jar:/Users/linhdo/.m2/repository/com/fasterxml/jackson/core/jackson-annotations/2.15.3/jackson-annotations-2.15.3.jar:/Users/linhdo/.m2/repository/com/fasterxml/jackson/core/jackson-core/2.15.3/jackson-core-2.15.3.jar:/Users/linhdo/.m2/repository/com/fasterxml/jackson/datatype/jackson-datatype-jdk8/2.15.3/jackson-datatype-jdk8-2.15.3.jar:/Users/linhdo/.m2/repository/com/fasterxml/jackson/datatype/jackson-datatype-jsr310/2.15.3/jackson-datatype-jsr310-2.15.3.jar:/Users/linhdo/.m2/repository/com/fasterxml/jackson/module/jackson-module-parameter-names/2.15.3/jackson-module-parameter-names-2.15.3.jar:/Users/linhdo/.m2/repository/org/springframework/boot/spring-boot-starter-tomcat/3.1.5/spring-boot-starter-tomcat-3.1.5.jar:/Users/linhdo/.m2/repository/org/apache/tomcat/embed/tomcat-embed-core/10.1.15/tomcat-embed-core-10.1.15.jar:/Users/linhdo/.m2/repository/org/apache/tomcat/embed/tomcat-embed-el/10.1.15/tomcat-embed-el-10.1.15.jar:/Users/linhdo/.m2/repository/org/apache/tomcat/embed/tomcat-embed-websocket/10.1.15/tomcat-embed-websocket-10.1.15.jar:/Users/linhdo/.m2/repository/org/springframework/spring-web/6.0.13/spring-web-6.0.13.jar:/Users/linhdo/.m2/repository/org/springframework/spring-beans/6.0.13/spring-beans-6.0.13.jar:/Users/linhdo/.m2/repository/org/springframework/spring-webmvc/6.0.13/spring-webmvc-6.0.13.jar:/Users/linhdo/.m2/repository/org/springframework/spring-context/6.0.13/spring-context-6.0.13.jar:/Users/linhdo/.m2/repository/org/springframework/spring-expression/6.0.13/spring-expression-6.0.13.jar:/Users/linhdo/.m2/repository/org/springframework/boot/spring-boot-starter-data-jpa/3.1.5/spring-boot-starter-data-jpa-3.1.5.jar:/Users/linhdo/.m2/repository/org/springframework/boot/spring-boot-starter-aop/3.1.5/spring-boot-starter-aop-3.1.5.jar:/Users/linhdo/.m2/repository/org/aspectj/aspectjweaver/1.9.20/aspectjweaver-1.9.20.jar:/Users/linhdo/.m2/repository/org/springframework/boot/spring-boot-starter-jdbc/3.1.5/spring-boot-starter-jdbc-3.1.5.jar:/Users/linhdo/.m2/repository/com/zaxxer/HikariCP/5.0.1/HikariCP-5.0.1.jar:/Users/linhdo/.m2/repository/org/springframework/spring-jdbc/6.0.13/spring-jdbc-6.0.13.jar:/Users/linhdo/.m2/repository/org/hibernate/orm/hibernate-core/6.2.13.Final/hibernate-core-6.2.13.Final.jar:/Users/linhdo/.m2/repository/jakarta/transaction/jakarta.transaction-api/2.0.1/jakarta.transaction-api-2.0.1.jar:/Users/linhdo/.m2/repository/org/hibernate/common/hibernate-commons-annotations/6.0.6.Final/hibernate-commons-annotations-6.0.6.Final.jar:/Users/linhdo/.m2/repository/io/smallrye/jandex/3.0.5/jandex-3.0.5.jar:/Users/linhdo/.m2/repository/org/glassfish/jaxb/jaxb-runtime/4.0.3/jaxb-runtime-4.0.3.jar:/Users/linhdo/.m2/repository/org/glassfish/jaxb/jaxb-core/4.0.3/jaxb-core-4.0.3.jar:/Users/linhdo/.m2/repository/org/glassfish/jaxb/txw2/4.0.3/txw2-4.0.3.jar:/Users/linhdo/.m2/repository/com/sun/istack/istack-commons-runtime/4.1.2/istack-commons-runtime-4.1.2.jar:/Users/linhdo/.m2/repository/jakarta/inject/jakarta.inject-api/2.0.1/jakarta.inject-api-2.0.1.jar:/Users/linhdo/.m2/repository/org/antlr/antlr4-runtime/4.10.1/antlr4-runtime-4.10.1.jar:/Users/linhdo/.m2/repository/org/springframework/data/spring-data-jpa/3.1.5/spring-data-jpa-3.1.5.jar:/Users/linhdo/.m2/repository/org/springframework/data/spring-data-commons/3.1.5/spring-data-commons-3.1.5.jar:/Users/linhdo/.m2/repository/org/springframework/spring-orm/6.0.13/spring-orm-6.0.13.jar:/Users/linhdo/.m2/repository/org/springframework/spring-tx/6.0.13/spring-tx-6.0.13.jar:/Users/linhdo/.m2/repository/org/slf4j/slf4j-api/2.0.9/slf4j-api-2.0.9.jar:/Users/linhdo/.m2/repository/org/springframework/spring-aspects/6.0.13/spring-aspects-6.0.13.jar:/Users/linhdo/.m2/repository/org/springframework/boot/spring-boot-starter-security/3.1.5/spring-boot-starter-security-3.1.5.jar:/Users/linhdo/.m2/repository/org/springframework/spring-aop/6.0.13/spring-aop-6.0.13.jar:/Users/linhdo/.m2/repository/org/springframework/security/spring-security-config/6.1.5/spring-security-config-6.1.5.jar:/Users/linhdo/.m2/repository/org/springframework/security/spring-security-web/6.1.5/spring-security-web-6.1.5.jar:/Users/linhdo/.m2/repository/org/springframework/boot/spring-boot-starter-thymeleaf/3.1.5/spring-boot-starter-thymeleaf-3.1.5.jar:/Users/linhdo/.m2/repository/org/thymeleaf/thymeleaf-spring6/3.1.2.RELEASE/thymeleaf-spring6-3.1.2.RELEASE.jar:/Users/linhdo/.m2/repository/org/thymeleaf/thymeleaf/3.1.2.RELEASE/thymeleaf-3.1.2.RELEASE.jar:/Users/linhdo/.m2/repository/org/attoparser/attoparser/2.0.7.RELEASE/attoparser-2.0.7.RELEASE.jar:/Users/linhdo/.m2/repository/org/unbescape/unbescape/1.1.6.RELEASE/unbescape-1.1.6.RELEASE.jar:/Users/linhdo/.m2/repository/com/mysql/mysql-connector-j/8.0.33/mysql-connector-j-8.0.33.jar:/Users/linhdo/.m2/repository/jakarta/persistence/jakarta.persistence-api/3.1.0/jakarta.persistence-api-3.1.0.jar:/Users/linhdo/.m2/repository/jakarta/validation/jakarta.validation-api/3.0.2/jakarta.validation-api-3.0.2.jar:/Users/linhdo/.m2/repository/org/hibernate/validator/hibernate-validator/8.0.1.Final/hibernate-validator-8.0.1.Final.jar:/Users/linhdo/.m2/repository/org/jboss/logging/jboss-logging/3.5.3.Final/jboss-logging-3.5.3.Final.jar:/Users/linhdo/.m2/repository/com/fasterxml/classmate/1.5.1/classmate-1.5.1.jar:/Users/linhdo/.m2/repository/org/projectlombok/lombok/1.18.28/lombok-1.18.28.jar:/Users/linhdo/.m2/repository/org/springframework/boot/spring-boot-starter-actuator/3.1.5/spring-boot-starter-actuator-3.1.5.jar:/Users/linhdo/.m2/repository/org/springframework/boot/spring-boot-actuator-autoconfigure/3.1.5/spring-boot-actuator-autoconfigure-3.1.5.jar:/Users/linhdo/.m2/repository/org/springframework/boot/spring-boot-actuator/3.1.5/spring-boot-actuator-3.1.5.jar:/Users/linhdo/.m2/repository/io/micrometer/micrometer-observation/1.11.5/micrometer-observation-1.11.5.jar:/Users/linhdo/.m2/repository/io/micrometer/micrometer-commons/1.11.5/micrometer-commons-1.11.5.jar:/Users/linhdo/.m2/repository/io/micrometer/micrometer-core/1.11.5/micrometer-core-1.11.5.jar:/Users/linhdo/.m2/repository/org/hdrhistogram/HdrHistogram/2.1.12/HdrHistogram-2.1.12.jar:/Users/linhdo/.m2/repository/org/latencyutils/LatencyUtils/2.0.3/LatencyUtils-2.0.3.jar:/Users/linhdo/.m2/repository/org/springframework/boot/spring-boot-starter-mail/3.1.5/spring-boot-starter-mail-3.1.5.jar:/Users/linhdo/.m2/repository/org/springframework/spring-context-support/6.0.13/spring-context-support-6.0.13.jar:/Users/linhdo/.m2/repository/org/eclipse/angus/jakarta.mail/1.1.0/jakarta.mail-1.1.0.jar:/Users/linhdo/.m2/repository/jakarta/activation/jakarta.activation-api/2.1.2/jakarta.activation-api-2.1.2.jar:/Users/linhdo/.m2/repository/org/eclipse/angus/angus-activation/2.0.1/angus-activation-2.0.1.jar:/Users/linhdo/.m2/repository/org/junit/jupiter/junit-jupiter/5.10.0/junit-jupiter-5.10.0.jar:/Users/linhdo/.m2/repository/org/junit/jupiter/junit-jupiter-api/5.9.3/junit-jupiter-api-5.9.3.jar:/Users/linhdo/.m2/repository/org/opentest4j/opentest4j/1.2.0/opentest4j-1.2.0.jar:/Users/linhdo/.m2/repository/org/junit/platform/junit-platform-commons/1.9.3/junit-platform-commons-1.9.3.jar:/Users/linhdo/.m2/repository/org/apiguardian/apiguardian-api/1.1.2/apiguardian-api-1.1.2.jar:/Users/linhdo/.m2/repository/org/junit/jupiter/junit-jupiter-params/5.9.3/junit-jupiter-params-5.9.3.jar:/Users/linhdo/.m2/repository/org/junit/jupiter/junit-jupiter-engine/5.9.3/junit-jupiter-engine-5.9.3.jar:/Users/linhdo/.m2/repository/org/junit/platform/junit-platform-engine/1.9.3/junit-platform-engine-1.9.3.jar:/Users/linhdo/.m2/repository/org/springframework/boot/spring-boot-starter-test/3.1.5/spring-boot-starter-test-3.1.5.jar:/Users/linhdo/.m2/repository/org/springframework/boot/spring-boot-test/3.1.5/spring-boot-test-3.1.5.jar:/Users/linhdo/.m2/repository/org/springframework/boot/spring-boot-test-autoconfigure/3.1.5/spring-boot-test-autoconfigure-3.1.5.jar:/Users/linhdo/.m2/repository/com/jayway/jsonpath/json-path/2.8.0/json-path-2.8.0.jar:/Users/linhdo/.m2/repository/jakarta/xml/bind/jakarta.xml.bind-api/4.0.1/jakarta.xml.bind-api-4.0.1.jar:/Users/linhdo/.m2/repository/net/minidev/json-smart/2.4.11/json-smart-2.4.11.jar:/Users/linhdo/.m2/repository/net/minidev/accessors-smart/2.4.11/accessors-smart-2.4.11.jar:/Users/linhdo/.m2/repository/org/ow2/asm/asm/9.3/asm-9.3.jar:/Users/linhdo/.m2/repository/org/hamcrest/hamcrest/2.2/hamcrest-2.2.jar:/Users/linhdo/.m2/repository/org/mockito/mockito-core/5.3.1/mockito-core-5.3.1.jar:/Users/linhdo/.m2/repository/net/bytebuddy/byte-buddy-agent/1.14.9/byte-buddy-agent-1.14.9.jar:/Users/linhdo/.m2/repository/org/objenesis/objenesis/3.3/objenesis-3.3.jar:/Users/linhdo/.m2/repository/org/mockito/mockito-junit-jupiter/5.3.1/mockito-junit-jupiter-5.3.1.jar:/Users/linhdo/.m2/repository/org/skyscreamer/jsonassert/1.5.1/jsonassert-1.5.1.jar:/Users/linhdo/.m2/repository/com/vaadin/external/google/android-json/0.0.20131108.vaadin1/android-json-0.0.20131108.vaadin1.jar:/Users/linhdo/.m2/repository/org/springframework/spring-core/6.0.13/spring-core-6.0.13.jar:/Users/linhdo/.m2/repository/org/springframework/spring-jcl/6.0.13/spring-jcl-6.0.13.jar:/Users/linhdo/.m2/repository/org/springframework/spring-test/6.0.13/spring-test-6.0.13.jar:/Users/linhdo/.m2/repository/org/xmlunit/xmlunit-core/2.9.1/xmlunit-core-2.9.1.jar:/Users/linhdo/.m2/repository/org/assertj/assertj-core/3.24.2/assertj-core-3.24.2.jar:/Users/linhdo/.m2/repository/net/bytebuddy/byte-buddy/1.14.9/byte-buddy-1.14.9.jar:/Users/linhdo/.m2/repository/org/springframework/security/spring-security-test/6.1.5/spring-security-test-6.1.5.jar:/Users/linhdo/.m2/repository/org/springframework/security/spring-security-core/6.1.5/spring-security-core-6.1.5.jar:/Users/linhdo/.m2/repository/org/springframework/security/spring-security-crypto/6.1.5/spring-security-crypto-6.1.5.jar:"/>
    <property name="java.vm.vendor" value="Amazon.com Inc."/>
    <property name="sun.arch.data.model" value="64"/>
    <property name="java.vendor.url" value="https://aws.amazon.com/corretto/"/>
    <property name="user.timezone" value="America/Chicago"/>
    <property name="org.jboss.logging.provider" value="slf4j"/>
    <property name="os.name" value="Mac OS X"/>
    <property name="java.vm.specification.version" value="17"/>
    <property name="sun.java.launcher" value="SUN_STANDARD"/>
    <property name="user.country" value="US"/>
    <property name="sun.boot.library.path" value="/Users/linhdo/Library/Java/JavaVirtualMachines/corretto-17.0.14/Contents/Home/lib"/>
    <property name="sun.java.command" value="/Users/linhdo/IdeaProjects/d424-software-engineering-capstone/target/surefire/surefirebooter-20250513224225709_3.jar /Users/linhdo/IdeaProjects/d424-software-engineering-capstone/target/surefire 2025-05-13T22-42-24_144-jvmRun1 surefire-20250513224225709_1tmp surefire_0-20250513224225709_2tmp"/>
    <property name="http.nonProxyHosts" value="local|*.local|169.254/16|*.169.254/16"/>
    <property name="jdk.debug" value="release"/>
    <property name="surefire.test.class.path" value="/Users/linhdo/IdeaProjects/d424-software-engineering-capstone/target/test-classes:/Users/linhdo/IdeaProjects/d424-software-engineering-capstone/target/classes:/Users/linhdo/.m2/repository/org/springframework/boot/spring-boot-starter-web/3.1.5/spring-boot-starter-web-3.1.5.jar:/Users/linhdo/.m2/repository/org/springframework/boot/spring-boot-starter/3.1.5/spring-boot-starter-3.1.5.jar:/Users/linhdo/.m2/repository/org/springframework/boot/spring-boot/3.1.5/spring-boot-3.1.5.jar:/Users/linhdo/.m2/repository/org/springframework/boot/spring-boot-autoconfigure/3.1.5/spring-boot-autoconfigure-3.1.5.jar:/Users/linhdo/.m2/repository/org/springframework/boot/spring-boot-starter-logging/3.1.5/spring-boot-starter-logging-3.1.5.jar:/Users/linhdo/.m2/repository/ch/qos/logback/logback-classic/1.4.11/logback-classic-1.4.11.jar:/Users/linhdo/.m2/repository/ch/qos/logback/logback-core/1.4.11/logback-core-1.4.11.jar:/Users/linhdo/.m2/repository/org/apache/logging/log4j/log4j-to-slf4j/2.20.0/log4j-to-slf4j-2.20.0.jar:/Users/linhdo/.m2/repository/org/apache/logging/log4j/log4j-api/2.20.0/log4j-api-2.20.0.jar:/Users/linhdo/.m2/repository/org/slf4j/jul-to-slf4j/2.0.9/jul-to-slf4j-2.0.9.jar:/Users/linhdo/.m2/repository/jakarta/annotation/jakarta.annotation-api/2.1.1/jakarta.annotation-api-2.1.1.jar:/Users/linhdo/.m2/repository/org/yaml/snakeyaml/1.33/snakeyaml-1.33.jar:/Users/linhdo/.m2/repository/org/springframework/boot/spring-boot-starter-json/3.1.5/spring-boot-starter-json-3.1.5.jar:/Users/linhdo/.m2/repository/com/fasterxml/jackson/core/jackson-databind/2.15.3/jackson-databind-2.15.3.jar:/Users/linhdo/.m2/repository/com/fasterxml/jackson/core/jackson-annotations/2.15.3/jackson-annotations-2.15.3.jar:/Users/linhdo/.m2/repository/com/fasterxml/jackson/core/jackson-core/2.15.3/jackson-core-2.15.3.jar:/Users/linhdo/.m2/repository/com/fasterxml/jackson/datatype/jackson-datatype-jdk8/2.15.3/jackson-datatype-jdk8-2.15.3.jar:/Users/linhdo/.m2/repository/com/fasterxml/jackson/datatype/jackson-datatype-jsr310/2.15.3/jackson-datatype-jsr310-2.15.3.jar:/Users/linhdo/.m2/repository/com/fasterxml/jackson/module/jackson-module-parameter-names/2.15.3/jackson-module-parameter-names-2.15.3.jar:/Users/linhdo/.m2/repository/org/springframework/boot/spring-boot-starter-tomcat/3.1.5/spring-boot-starter-tomcat-3.1.5.jar:/Users/linhdo/.m2/repository/org/apache/tomcat/embed/tomcat-embed-core/10.1.15/tomcat-embed-core-10.1.15.jar:/Users/linhdo/.m2/repository/org/apache/tomcat/embed/tomcat-embed-el/10.1.15/tomcat-embed-el-10.1.15.jar:/Users/linhdo/.m2/repository/org/apache/tomcat/embed/tomcat-embed-websocket/10.1.15/tomcat-embed-websocket-10.1.15.jar:/Users/linhdo/.m2/repository/org/springframework/spring-web/6.0.13/spring-web-6.0.13.jar:/Users/linhdo/.m2/repository/org/springframework/spring-beans/6.0.13/spring-beans-6.0.13.jar:/Users/linhdo/.m2/repository/org/springframework/spring-webmvc/6.0.13/spring-webmvc-6.0.13.jar:/Users/linhdo/.m2/repository/org/springframework/spring-context/6.0.13/spring-context-6.0.13.jar:/Users/linhdo/.m2/repository/org/springframework/spring-expression/6.0.13/spring-expression-6.0.13.jar:/Users/linhdo/.m2/repository/org/springframework/boot/spring-boot-starter-data-jpa/3.1.5/spring-boot-starter-data-jpa-3.1.5.jar:/Users/linhdo/.m2/repository/org/springframework/boot/spring-boot-starter-aop/3.1.5/spring-boot-starter-aop-3.1.5.jar:/Users/linhdo/.m2/repository/org/aspectj/aspectjweaver/1.9.20/aspectjweaver-1.9.20.jar:/Users/linhdo/.m2/repository/org/springframework/boot/spring-boot-starter-jdbc/3.1.5/spring-boot-starter-jdbc-3.1.5.jar:/Users/linhdo/.m2/repository/com/zaxxer/HikariCP/5.0.1/HikariCP-5.0.1.jar:/Users/linhdo/.m2/repository/org/springframework/spring-jdbc/6.0.13/spring-jdbc-6.0.13.jar:/Users/linhdo/.m2/repository/org/hibernate/orm/hibernate-core/6.2.13.Final/hibernate-core-6.2.13.Final.jar:/Users/linhdo/.m2/repository/jakarta/transaction/jakarta.transaction-api/2.0.1/jakarta.transaction-api-2.0.1.jar:/Users/linhdo/.m2/repository/org/hibernate/common/hibernate-commons-annotations/6.0.6.Final/hibernate-commons-annotations-6.0.6.Final.jar:/Users/linhdo/.m2/repository/io/smallrye/jandex/3.0.5/jandex-3.0.5.jar:/Users/linhdo/.m2/repository/org/glassfish/jaxb/jaxb-runtime/4.0.3/jaxb-runtime-4.0.3.jar:/Users/linhdo/.m2/repository/org/glassfish/jaxb/jaxb-core/4.0.3/jaxb-core-4.0.3.jar:/Users/linhdo/.m2/repository/org/glassfish/jaxb/txw2/4.0.3/txw2-4.0.3.jar:/Users/linhdo/.m2/repository/com/sun/istack/istack-commons-runtime/4.1.2/istack-commons-runtime-4.1.2.jar:/Users/linhdo/.m2/repository/jakarta/inject/jakarta.inject-api/2.0.1/jakarta.inject-api-2.0.1.jar:/Users/linhdo/.m2/repository/org/antlr/antlr4-runtime/4.10.1/antlr4-runtime-4.10.1.jar:/Users/linhdo/.m2/repository/org/springframework/data/spring-data-jpa/3.1.5/spring-data-jpa-3.1.5.jar:/Users/linhdo/.m2/repository/org/springframework/data/spring-data-commons/3.1.5/spring-data-commons-3.1.5.jar:/Users/linhdo/.m2/repository/org/springframework/spring-orm/6.0.13/spring-orm-6.0.13.jar:/Users/linhdo/.m2/repository/org/springframework/spring-tx/6.0.13/spring-tx-6.0.13.jar:/Users/linhdo/.m2/repository/org/slf4j/slf4j-api/2.0.9/slf4j-api-2.0.9.jar:/Users/linhdo/.m2/repository/org/springframework/spring-aspects/6.0.13/spring-aspects-6.0.13.jar:/Users/linhdo/.m2/repository/org/springframework/boot/spring-boot-starter-security/3.1.5/spring-boot-starter-security-3.1.5.jar:/Users/linhdo/.m2/repository/org/springframework/spring-aop/6.0.13/spring-aop-6.0.13.jar:/Users/linhdo/.m2/repository/org/springframework/security/spring-security-config/6.1.5/spring-security-config-6.1.5.jar:/Users/linhdo/.m2/repository/org/springframework/security/spring-security-web/6.1.5/spring-security-web-6.1.5.jar:/Users/linhdo/.m2/repository/org/springframework/boot/spring-boot-starter-thymeleaf/3.1.5/spring-boot-starter-thymeleaf-3.1.5.jar:/Users/linhdo/.m2/repository/org/thymeleaf/thymeleaf-spring6/3.1.2.RELEASE/thymeleaf-spring6-3.1.2.RELEASE.jar:/Users/linhdo/.m2/repository/org/thymeleaf/thymeleaf/3.1.2.RELEASE/thymeleaf-3.1.2.RELEASE.jar:/Users/linhdo/.m2/repository/org/attoparser/attoparser/2.0.7.RELEASE/attoparser-2.0.7.RELEASE.jar:/Users/linhdo/.m2/repository/org/unbescape/unbescape/1.1.6.RELEASE/unbescape-1.1.6.RELEASE.jar:/Users/linhdo/.m2/repository/com/mysql/mysql-connector-j/8.0.33/mysql-connector-j-8.0.33.jar:/Users/linhdo/.m2/repository/jakarta/persistence/jakarta.persistence-api/3.1.0/jakarta.persistence-api-3.1.0.jar:/Users/linhdo/.m2/repository/jakarta/validation/jakarta.validation-api/3.0.2/jakarta.validation-api-3.0.2.jar:/Users/linhdo/.m2/repository/org/hibernate/validator/hibernate-validator/8.0.1.Final/hibernate-validator-8.0.1.Final.jar:/Users/linhdo/.m2/repository/org/jboss/logging/jboss-logging/3.5.3.Final/jboss-logging-3.5.3.Final.jar:/Users/linhdo/.m2/repository/com/fasterxml/classmate/1.5.1/classmate-1.5.1.jar:/Users/linhdo/.m2/repository/org/projectlombok/lombok/1.18.28/lombok-1.18.28.jar:/Users/linhdo/.m2/repository/org/springframework/boot/spring-boot-starter-actuator/3.1.5/spring-boot-starter-actuator-3.1.5.jar:/Users/linhdo/.m2/repository/org/springframework/boot/spring-boot-actuator-autoconfigure/3.1.5/spring-boot-actuator-autoconfigure-3.1.5.jar:/Users/linhdo/.m2/repository/org/springframework/boot/spring-boot-actuator/3.1.5/spring-boot-actuator-3.1.5.jar:/Users/linhdo/.m2/repository/io/micrometer/micrometer-observation/1.11.5/micrometer-observation-1.11.5.jar:/Users/linhdo/.m2/repository/io/micrometer/micrometer-commons/1.11.5/micrometer-commons-1.11.5.jar:/Users/linhdo/.m2/repository/io/micrometer/micrometer-core/1.11.5/micrometer-core-1.11.5.jar:/Users/linhdo/.m2/repository/org/hdrhistogram/HdrHistogram/2.1.12/HdrHistogram-2.1.12.jar:/Users/linhdo/.m2/repository/org/latencyutils/LatencyUtils/2.0.3/LatencyUtils-2.0.3.jar:/Users/linhdo/.m2/repository/org/springframework/boot/spring-boot-starter-mail/3.1.5/spring-boot-starter-mail-3.1.5.jar:/Users/linhdo/.m2/repository/org/springframework/spring-context-support/6.0.13/spring-context-support-6.0.13.jar:/Users/linhdo/.m2/repository/org/eclipse/angus/jakarta.mail/1.1.0/jakarta.mail-1.1.0.jar:/Users/linhdo/.m2/repository/jakarta/activation/jakarta.activation-api/2.1.2/jakarta.activation-api-2.1.2.jar:/Users/linhdo/.m2/repository/org/eclipse/angus/angus-activation/2.0.1/angus-activation-2.0.1.jar:/Users/linhdo/.m2/repository/org/junit/jupiter/junit-jupiter/5.10.0/junit-jupiter-5.10.0.jar:/Users/linhdo/.m2/repository/org/junit/jupiter/junit-jupiter-api/5.9.3/junit-jupiter-api-5.9.3.jar:/Users/linhdo/.m2/repository/org/opentest4j/opentest4j/1.2.0/opentest4j-1.2.0.jar:/Users/linhdo/.m2/repository/org/junit/platform/junit-platform-commons/1.9.3/junit-platform-commons-1.9.3.jar:/Users/linhdo/.m2/repository/org/apiguardian/apiguardian-api/1.1.2/apiguardian-api-1.1.2.jar:/Users/linhdo/.m2/repository/org/junit/jupiter/junit-jupiter-params/5.9.3/junit-jupiter-params-5.9.3.jar:/Users/linhdo/.m2/repository/org/junit/jupiter/junit-jupiter-engine/5.9.3/junit-jupiter-engine-5.9.3.jar:/Users/linhdo/.m2/repository/org/junit/platform/junit-platform-engine/1.9.3/junit-platform-engine-1.9.3.jar:/Users/linhdo/.m2/repository/org/springframework/boot/spring-boot-starter-test/3.1.5/spring-boot-starter-test-3.1.5.jar:/Users/linhdo/.m2/repository/org/springframework/boot/spring-boot-test/3.1.5/spring-boot-test-3.1.5.jar:/Users/linhdo/.m2/repository/org/springframework/boot/spring-boot-test-autoconfigure/3.1.5/spring-boot-test-autoconfigure-3.1.5.jar:/Users/linhdo/.m2/repository/com/jayway/jsonpath/json-path/2.8.0/json-path-2.8.0.jar:/Users/linhdo/.m2/repository/jakarta/xml/bind/jakarta.xml.bind-api/4.0.1/jakarta.xml.bind-api-4.0.1.jar:/Users/linhdo/.m2/repository/net/minidev/json-smart/2.4.11/json-smart-2.4.11.jar:/Users/linhdo/.m2/repository/net/minidev/accessors-smart/2.4.11/accessors-smart-2.4.11.jar:/Users/linhdo/.m2/repository/org/ow2/asm/asm/9.3/asm-9.3.jar:/Users/linhdo/.m2/repository/org/hamcrest/hamcrest/2.2/hamcrest-2.2.jar:/Users/linhdo/.m2/repository/org/mockito/mockito-core/5.3.1/mockito-core-5.3.1.jar:/Users/linhdo/.m2/repository/net/bytebuddy/byte-buddy-agent/1.14.9/byte-buddy-agent-1.14.9.jar:/Users/linhdo/.m2/repository/org/objenesis/objenesis/3.3/objenesis-3.3.jar:/Users/linhdo/.m2/repository/org/mockito/mockito-junit-jupiter/5.3.1/mockito-junit-jupiter-5.3.1.jar:/Users/linhdo/.m2/repository/org/skyscreamer/jsonassert/1.5.1/jsonassert-1.5.1.jar:/Users/linhdo/.m2/repository/com/vaadin/external/google/android-json/0.0.20131108.vaadin1/android-json-0.0.20131108.vaadin1.jar:/Users/linhdo/.m2/repository/org/springframework/spring-core/6.0.13/spring-core-6.0.13.jar:/Users/linhdo/.m2/repository/org/springframework/spring-jcl/6.0.13/spring-jcl-6.0.13.jar:/Users/linhdo/.m2/repository/org/springframework/spring-test/6.0.13/spring-test-6.0.13.jar:/Users/linhdo/.m2/repository/org/xmlunit/xmlunit-core/2.9.1/xmlunit-core-2.9.1.jar:/Users/linhdo/.m2/repository/org/assertj/assertj-core/3.24.2/assertj-core-3.24.2.jar:/Users/linhdo/.m2/repository/net/bytebuddy/byte-buddy/1.14.9/byte-buddy-1.14.9.jar:/Users/linhdo/.m2/repository/org/springframework/security/spring-security-test/6.1.5/spring-security-test-6.1.5.jar:/Users/linhdo/.m2/repository/org/springframework/security/spring-security-core/6.1.5/spring-security-core-6.1.5.jar:/Users/linhdo/.m2/repository/org/springframework/security/spring-security-crypto/6.1.5/spring-security-crypto-6.1.5.jar:"/>
    <property name="sun.cpu.endian" value="little"/>
    <property name="user.home" value="/Users/linhdo"/>
    <property name="user.language" value="en"/>
    <property name="java.specification.vendor" value="Oracle Corporation"/>
    <property name="java.version.date" value="2025-01-21"/>
    <property name="java.home" value="/Users/linhdo/Library/Java/JavaVirtualMachines/corretto-17.0.14/Contents/Home"/>
    <property name="file.separator" value="/"/>
    <property name="basedir" value="/Users/linhdo/IdeaProjects/d424-software-engineering-capstone"/>
    <property name="java.vm.compressedOopsMode" value="Zero based"/>
    <property name="line.separator" value="&#10;"/>
    <property name="java.vm.specification.vendor" value="Oracle Corporation"/>
    <property name="java.specification.name" value="Java Platform API Specification"/>
    <property name="FILE_LOG_CHARSET" value="UTF-8"/>
    <property name="java.awt.headless" value="true"/>
    <property name="surefire.real.class.path" value="/Users/linhdo/IdeaProjects/d424-software-engineering-capstone/target/surefire/surefirebooter-20250513224225709_3.jar"/>
    <property name="sun.management.compiler" value="HotSpot 64-Bit Tiered Compilers"/>
    <property name="ftp.nonProxyHosts" value="local|*.local|169.254/16|*.169.254/16"/>
    <property name="java.runtime.version" value="17.0.14+7-LTS"/>
    <property name="user.name" value="linhdo"/>
    <property name="path.separator" value=":"/>
    <property name="os.version" value="12.7.6"/>
    <property name="java.runtime.name" value="OpenJDK Runtime Environment"/>
    <property name="file.encoding" value="UTF-8"/>
    <property name="java.vm.name" value="OpenJDK 64-Bit Server VM"/>
    <property name="java.vendor.version" value="Corretto-17.0.14.7.1"/>
    <property name="localRepository" value="/Users/linhdo/.m2/repository"/>
    <property name="java.vendor.url.bug" value="https://github.com/corretto/corretto-17/issues/"/>
    <property name="java.io.tmpdir" value="/var/folders/jg/nj3y4znd17q55t4z7p90qkmm0000gn/T/"/>
    <property name="com.zaxxer.hikari.pool_number" value="3"/>
    <property name="java.version" value="17.0.14"/>
    <property name="user.dir" value="/Users/linhdo/IdeaProjects/d424-software-engineering-capstone"/>
    <property name="os.arch" value="x86_64"/>
    <property name="java.vm.specification.name" value="Java Virtual Machine Specification"/>
    <property name="PID" value="92217"/>
    <property name="CONSOLE_LOG_CHARSET" value="UTF-8"/>
    <property name="native.encoding" value="UTF-8"/>
    <property name="java.library.path" value="/Users/linhdo/Library/Java/Extensions:/Library/Java/Extensions:/Network/Library/Java/Extensions:/System/Library/Java/Extensions:/usr/lib/java:."/>
    <property name="java.vm.info" value="mixed mode, sharing"/>
    <property name="java.vendor" value="Amazon.com Inc."/>
    <property name="java.vm.version" value="17.0.14+7-LTS"/>
    <property name="java.specification.maintenance.version" value="1"/>
    <property name="sun.io.unicode.encoding" value="UnicodeBig"/>
    <property name="socksNonProxyHosts" value="local|*.local|169.254/16|*.169.254/16"/>
    <property name="java.class.version" value="61.0"/>
  </properties>
  <testcase name="testTerminateUser" classname="com.schedule.controller.AdminControllerTest" time="0.065">
    <system-out><![CDATA[2025-05-13T22:42:53.724-05:00 DEBUG 92217 --- [           main] .b.t.a.w.s.WebMvcTestContextBootstrapper : Neither @ContextConfiguration nor @ContextHierarchy found for test class [AdminControllerTest]: using SpringBootContextLoader
2025-05-13T22:42:53.724-05:00 DEBUG 92217 --- [           main] o.s.t.c.support.AbstractContextLoader    : Could not detect default resource locations for test class [com.schedule.controller.AdminControllerTest]: no resource found for suffixes {-context.xml, Context.groovy}.
2025-05-13T22:42:53.725-05:00  INFO 92217 --- [           main] t.c.s.AnnotationConfigContextLoaderUtils : Could not detect default configuration classes for test class [com.schedule.controller.AdminControllerTest]: AdminControllerTest does not declare any static, non-private, non-final, nested classes annotated with @Configuration.
2025-05-13T22:42:53.754-05:00 DEBUG 92217 --- [           main] .b.t.a.w.s.WebMvcTestContextBootstrapper : Using ContextCustomizers for test class [AdminControllerTest]: [ImportsContextCustomizer, ExcludeFilterContextCustomizer, DuplicateJsonObjectContextCustomizer, MockitoContextCustomizer, DisableAutoConfigurationContextCustomizer, DisableObservabilityContextCustomizer, TypeExcludeFiltersContextCustomizer, PropertyMappingContextCustomizer, WebDriverContextCustomizer]
2025-05-13T22:42:53.755-05:00  INFO 92217 --- [           main] .b.t.c.SpringBootTestContextBootstrapper : Found @SpringBootConfiguration com.schedule.ScheduleApplication for test class com.schedule.controller.AdminControllerTest
2025-05-13T22:42:53.756-05:00 DEBUG 92217 --- [           main] .s.t.c.u.TestContextSpringFactoriesUtils : Skipping candidate TestExecutionListener [org.springframework.test.context.observation.MicrometerObservationRegistryTestExecutionListener] due to a missing dependency. Specify custom TestExecutionListener classes or make the default TestExecutionListener classes and their required dependencies available. Offending class: io.micrometer.context.ThreadLocalAccessor. MicrometerObservationRegistryTestExecutionListener requires io.micrometer:micrometer-observation:1.10.8 or higher and io.micrometer:context-propagation:1.0.3 or higher.
2025-05-13T22:42:53.757-05:00 DEBUG 92217 --- [           main] .b.t.a.w.s.WebMvcTestContextBootstrapper : Using TestExecutionListeners for test class [AdminControllerTest]: [ServletTestExecutionListener, DirtiesContextBeforeModesTestExecutionListener, ApplicationEventsTestExecutionListener, MockitoTestExecutionListener, DependencyInjectionTestExecutionListener, DirtiesContextTestExecutionListener, TransactionalTestExecutionListener, SqlScriptsTestExecutionListener, EventPublishingTestExecutionListener, WithSecurityContextTestExecutionListener, ReactorContextTestExecutionListener, ResetMocksTestExecutionListener, RestDocsTestExecutionListener, MockRestServiceServerResetTestExecutionListener, MockMvcPrintOnlyOnFailureTestExecutionListener, WebDriverTestExecutionListener, MockWebServiceServerTestExecutionListener]
2025-05-13T22:42:53.757-05:00 DEBUG 92217 --- [           main] sContextBeforeModesTestExecutionListener : Before test class: class [AdminControllerTest], class annotated with @DirtiesContext [false] with mode [null]
2025-05-13T22:42:53.793-05:00 DEBUG 92217 --- [           main] .s.b.w.s.c.ApplicationServletEnvironment : Activating profiles []

  .   ____          _            __ _ _
 /\\ / ___'_ __ _ _(_)_ __  __ _ \ \ \ \
( ( )\___ | '_ | '_| | '_ \/ _` | \ \ \ \
 \\/  ___)| |_)| | | | | || (_| |  ) ) ) )
  '  |____| .__|_| |_|_| |_\__, | / / / /
 =========|_|==============|___/=/_/_/_/
 :: Spring Boot ::                (v3.1.5)

2025-05-13T22:42:53.803-05:00  INFO 92217 --- [           main] c.s.controller.AdminControllerTest       : Starting AdminControllerTest using Java 17.0.14 with PID 92217 (started by linhdo in /Users/linhdo/IdeaProjects/d424-software-engineering-capstone)
2025-05-13T22:42:53.803-05:00 DEBUG 92217 --- [           main] c.s.controller.AdminControllerTest       : Running with Spring Boot v3.1.5, Spring v6.0.13
2025-05-13T22:42:53.803-05:00  INFO 92217 --- [           main] c.s.controller.AdminControllerTest       : No active profile set, falling back to 1 default profile: "default"
2025-05-13T22:42:53.803-05:00 DEBUG 92217 --- [           main] o.s.boot.SpringApplication               : Loading source class com.schedule.ScheduleApplication
2025-05-13T22:42:53.807-05:00 DEBUG 92217 --- [           main] o.s.w.c.s.GenericWebApplicationContext   : Refreshing org.springframework.web.context.support.GenericWebApplicationContext@66c8c875
2025-05-13T22:42:53.808-05:00 DEBUG 92217 --- [           main] o.s.b.f.s.DefaultListableBeanFactory     : Creating shared instance of singleton bean 'org.springframework.context.annotation.internalConfigurationAnnotationProcessor'
2025-05-13T22:42:53.809-05:00 DEBUG 92217 --- [           main] o.s.b.f.s.DefaultListableBeanFactory     : Creating shared instance of singleton bean 'org.springframework.boot.autoconfigure.internalCachingMetadataReaderFactory'
2025-05-13T22:42:53.836-05:00 DEBUG 92217 --- [           main] o.s.c.a.ClassPathBeanDefinitionScanner   : Identified candidate component class: file [/Users/linhdo/IdeaProjects/d424-software-engineering-capstone/target/classes/com/schedule/controller/AdminController.class]
2025-05-13T22:42:53.838-05:00 DEBUG 92217 --- [           main] o.s.c.a.ClassPathBeanDefinitionScanner   : Identified candidate component class: file [/Users/linhdo/IdeaProjects/d424-software-engineering-capstone/target/classes/com/schedule/controller/GlobalModelAttributes.class]
2025-05-13T22:42:54.006-05:00 DEBUG 92217 --- [           main] o.s.b.f.s.DefaultListableBeanFactory     : Creating shared instance of singleton bean 'org.springframework.boot.test.context.ImportsContextCustomizer$ImportsCleanupPostProcessor'
2025-05-13T22:42:54.008-05:00 DEBUG 92217 --- [           main] o.s.b.f.s.DefaultListableBeanFactory     : Creating shared instance of singleton bean 'org.springframework.boot.test.mock.mockito.MockitoPostProcessor'
2025-05-13T22:42:54.016-05:00 DEBUG 92217 --- [           main] o.s.b.f.s.DefaultListableBeanFactory     : Creating shared instance of singleton bean 'org.springframework.context.event.internalEventListenerProcessor'
2025-05-13T22:42:54.017-05:00 DEBUG 92217 --- [           main] o.s.b.f.s.DefaultListableBeanFactory     : Creating shared instance of singleton bean 'preserveErrorControllerTargetClassPostProcessor'
2025-05-13T22:42:54.017-05:00 DEBUG 92217 --- [           main] o.s.b.f.s.DefaultListableBeanFactory     : Creating shared instance of singleton bean 'conversionServicePostProcessor'
2025-05-13T22:42:54.017-05:00 DEBUG 92217 --- [           main] o.s.b.f.s.DefaultListableBeanFactory     : Creating shared instance of singleton bean 'org.springframework.context.event.internalEventListenerFactory'
2025-05-13T22:42:54.019-05:00 DEBUG 92217 --- [           main] o.s.b.f.s.DefaultListableBeanFactory     : Creating shared instance of singleton bean 'org.springframework.context.annotation.internalAutowiredAnnotationProcessor'
2025-05-13T22:42:54.019-05:00 DEBUG 92217 --- [           main] o.s.b.f.s.DefaultListableBeanFactory     : Creating shared instance of singleton bean 'org.springframework.context.annotation.internalCommonAnnotationProcessor'
2025-05-13T22:42:54.020-05:00 DEBUG 92217 --- [           main] o.s.b.f.s.DefaultListableBeanFactory     : Creating shared instance of singleton bean 'org.springframework.context.annotation.internalPersistenceAnnotationProcessor'
2025-05-13T22:42:54.020-05:00 DEBUG 92217 --- [           main] o.s.b.f.s.DefaultListableBeanFactory     : Creating shared instance of singleton bean 'org.springframework.boot.test.mock.mockito.MockitoPostProcessor$SpyPostProcessor'
2025-05-13T22:42:54.021-05:00 DEBUG 92217 --- [           main] o.s.b.f.s.DefaultListableBeanFactory     : Creating shared instance of singleton bean 'org.springframework.boot.context.properties.ConfigurationPropertiesBindingPostProcessor'
2025-05-13T22:42:54.021-05:00 DEBUG 92217 --- [           main] o.s.b.f.s.DefaultListableBeanFactory     : Creating shared instance of singleton bean 'org.springframework.boot.context.internalConfigurationPropertiesBinder'
2025-05-13T22:42:54.021-05:00 DEBUG 92217 --- [           main] o.s.b.f.s.DefaultListableBeanFactory     : Creating shared instance of singleton bean 'methodValidationPostProcessor'
2025-05-13T22:42:54.022-05:00 DEBUG 92217 --- [           main] o.s.b.f.s.DefaultListableBeanFactory     : Autowiring by type from bean name 'methodValidationPostProcessor' via factory method to bean named 'environment'
2025-05-13T22:42:54.022-05:00 DEBUG 92217 --- [           main] o.s.b.f.s.DefaultListableBeanFactory     : Creating shared instance of singleton bean 'org.springframework.boot.context.properties.EnableConfigurationPropertiesRegistrar.methodValidationExcludeFilter'
2025-05-13T22:42:54.024-05:00 DEBUG 92217 --- [           main] o.s.b.f.s.DefaultListableBeanFactory     : Creating shared instance of singleton bean 'projectingArgumentResolverBeanPostProcessor'
2025-05-13T22:42:54.024-05:00 DEBUG 92217 --- [           main] o.s.u.c.s.UiApplicationContextUtils      : Unable to locate ThemeSource with name 'themeSource': using default [org.springframework.ui.context.support.ResourceBundleThemeSource@d5ea58e]
2025-05-13T22:42:54.026-05:00 DEBUG 92217 --- [           main] o.s.b.f.s.DefaultListableBeanFactory     : Creating shared instance of singleton bean 'scheduleApplication'
2025-05-13T22:42:54.026-05:00 DEBUG 92217 --- [           main] o.s.b.f.s.DefaultListableBeanFactory     : Creating shared instance of singleton bean 'adminController'
2025-05-13T22:42:54.027-05:00 DEBUG 92217 --- [           main] o.s.b.f.s.DefaultListableBeanFactory     : Autowiring by type from bean name 'adminController' via constructor to bean named 'org.springframework.security.crypto.password.PasswordEncoder#0'
2025-05-13T22:42:54.027-05:00 DEBUG 92217 --- [           main] o.s.b.f.s.DefaultListableBeanFactory     : Autowiring by type from bean name 'adminController' via constructor to bean named 'com.schedule.repository.UserRepository#0'
2025-05-13T22:42:54.028-05:00 DEBUG 92217 --- [           main] o.s.b.f.s.DefaultListableBeanFactory     : Autowiring by type from bean name 'adminController' via constructor to bean named 'com.schedule.service.EmailService#0'
2025-05-13T22:42:54.028-05:00 DEBUG 92217 --- [           main] o.s.b.f.s.DefaultListableBeanFactory     : Autowiring by type from bean name 'adminController' via constructor to bean named 'com.schedule.repository.TaskRepository#0'
2025-05-13T22:42:54.028-05:00 DEBUG 92217 --- [           main] o.s.b.f.s.DefaultListableBeanFactory     : Creating shared instance of singleton bean 'globalModelAttributes'
2025-05-13T22:42:54.029-05:00 DEBUG 92217 --- [           main] o.s.b.f.s.DefaultListableBeanFactory     : Creating shared instance of singleton bean 'org.springframework.boot.autoconfigure.AutoConfigurationPackages'
2025-05-13T22:42:54.029-05:00 DEBUG 92217 --- [           main] o.s.b.f.s.DefaultListableBeanFactory     : Creating shared instance of singleton bean 'org.springframework.boot.autoconfigure.task.TaskExecutionAutoConfiguration'
2025-05-13T22:42:54.029-05:00 DEBUG 92217 --- [           main] o.s.b.f.s.DefaultListableBeanFactory     : Creating shared instance of singleton bean 'taskExecutorBuilder'
2025-05-13T22:42:54.030-05:00 DEBUG 92217 --- [           main] o.s.b.f.s.DefaultListableBeanFactory     : Creating shared instance of singleton bean 'spring.task.execution-org.springframework.boot.autoconfigure.task.TaskExecutionProperties'
2025-05-13T22:42:54.030-05:00 DEBUG 92217 --- [           main] o.s.b.f.s.DefaultListableBeanFactory     : Creating shared instance of singleton bean 'org.springframework.boot.context.properties.BoundConfigurationProperties'
2025-05-13T22:42:54.032-05:00 DEBUG 92217 --- [           main] o.s.b.f.s.DefaultListableBeanFactory     : Autowiring by type from bean name 'taskExecutorBuilder' via factory method to bean named 'spring.task.execution-org.springframework.boot.autoconfigure.task.TaskExecutionProperties'
2025-05-13T22:42:54.033-05:00 DEBUG 92217 --- [           main] o.s.b.f.s.DefaultListableBeanFactory     : Creating shared instance of singleton bean 'org.springframework.boot.autoconfigure.validation.ValidationAutoConfiguration'
2025-05-13T22:42:54.034-05:00 DEBUG 92217 --- [           main] o.s.b.f.s.DefaultListableBeanFactory     : Creating shared instance of singleton bean 'defaultValidator'
2025-05-13T22:42:54.034-05:00 DEBUG 92217 --- [           main] o.s.b.f.s.DefaultListableBeanFactory     : Autowiring by type from bean name 'defaultValidator' via factory method to bean named 'org.springframework.web.context.support.GenericWebApplicationContext@66c8c875'
2025-05-13T22:42:54.035-05:00 DEBUG 92217 --- [           main] .h.v.m.ResourceBundleMessageInterpolator : Loaded expression factory via original TCCL
2025-05-13T22:42:54.035-05:00 DEBUG 92217 --- [           main] o.h.v.i.e.AbstractConfigurationImpl      : Setting custom MessageInterpolator of type org.springframework.validation.beanvalidation.LocaleContextMessageInterpolator
2025-05-13T22:42:54.035-05:00 DEBUG 92217 --- [           main] o.h.v.i.e.AbstractConfigurationImpl      : Setting custom ConstraintValidatorFactory of type org.springframework.validation.beanvalidation.SpringConstraintValidatorFactory
2025-05-13T22:42:54.036-05:00 DEBUG 92217 --- [           main] o.h.v.i.xml.config.ValidationXmlParser   : Trying to load META-INF/validation.xml for XML based Validator configuration.
2025-05-13T22:42:54.036-05:00 DEBUG 92217 --- [           main] o.h.v.i.xml.config.ResourceLoaderHelper  : Trying to load META-INF/validation.xml via user class loader
2025-05-13T22:42:54.036-05:00 DEBUG 92217 --- [           main] o.h.v.i.xml.config.ResourceLoaderHelper  : Trying to load META-INF/validation.xml via TCCL
2025-05-13T22:42:54.036-05:00 DEBUG 92217 --- [           main] o.h.v.i.xml.config.ResourceLoaderHelper  : Trying to load META-INF/validation.xml via Hibernate Validator's class loader
2025-05-13T22:42:54.036-05:00 DEBUG 92217 --- [           main] o.h.v.i.xml.config.ValidationXmlParser   : No META-INF/validation.xml found. Using annotation based configuration only.
2025-05-13T22:42:54.036-05:00 DEBUG 92217 --- [           main] o.h.v.i.e.resolver.TraversableResolvers  : Found jakarta.persistence.Persistence on classpath containing 'getPersistenceUtil'. Assuming JPA 2 environment. Trying to instantiate JPA aware TraversableResolver
2025-05-13T22:42:54.036-05:00 DEBUG 92217 --- [           main] o.h.v.i.e.resolver.TraversableResolvers  : Instantiated JPA aware TraversableResolver of type org.hibernate.validator.internal.engine.resolver.JPATraversableResolver.
2025-05-13T22:42:54.038-05:00 DEBUG 92217 --- [           main] .i.e.ValidatorFactoryConfigurationHelper : HV000252: Using org.hibernate.validator.internal.engine.DefaultPropertyNodeNameProvider as property node name provider.
2025-05-13T22:42:54.038-05:00 DEBUG 92217 --- [           main] .i.e.ValidatorFactoryConfigurationHelper : HV000234: Using org.springframework.validation.beanvalidation.LocaleContextMessageInterpolator as ValidatorFactory-scoped message interpolator.
2025-05-13T22:42:54.038-05:00 DEBUG 92217 --- [           main] .i.e.ValidatorFactoryConfigurationHelper : HV000234: Using org.hibernate.validator.internal.engine.resolver.JPATraversableResolver as ValidatorFactory-scoped traversable resolver.
2025-05-13T22:42:54.038-05:00 DEBUG 92217 --- [           main] .i.e.ValidatorFactoryConfigurationHelper : HV000234: Using org.hibernate.validator.internal.util.ExecutableParameterNameProvider as ValidatorFactory-scoped parameter name provider.
2025-05-13T22:42:54.039-05:00 DEBUG 92217 --- [           main] .i.e.ValidatorFactoryConfigurationHelper : HV000234: Using org.hibernate.validator.internal.engine.DefaultClockProvider as ValidatorFactory-scoped clock provider.
2025-05-13T22:42:54.039-05:00 DEBUG 92217 --- [           main] .i.e.ValidatorFactoryConfigurationHelper : HV000234: Using org.hibernate.validator.internal.engine.scripting.DefaultScriptEvaluatorFactory as ValidatorFactory-scoped script evaluator factory.
2025-05-13T22:42:54.039-05:00 DEBUG 92217 --- [           main] o.s.b.f.s.DefaultListableBeanFactory     : Creating shared instance of singleton bean 'org.springframework.boot.autoconfigure.web.servlet.error.ErrorMvcAutoConfiguration$DefaultErrorViewResolverConfiguration'
2025-05-13T22:42:54.040-05:00 DEBUG 92217 --- [           main] o.s.b.f.s.DefaultListableBeanFactory     : Creating shared instance of singleton bean 'spring.web-org.springframework.boot.autoconfigure.web.WebProperties'
2025-05-13T22:42:54.041-05:00 DEBUG 92217 --- [           main] o.s.b.f.s.DefaultListableBeanFactory     : Autowiring by type from bean name 'org.springframework.boot.autoconfigure.web.servlet.error.ErrorMvcAutoConfiguration$DefaultErrorViewResolverConfiguration' via constructor to bean named 'org.springframework.web.context.support.GenericWebApplicationContext@66c8c875'
2025-05-13T22:42:54.041-05:00 DEBUG 92217 --- [           main] o.s.b.f.s.DefaultListableBeanFactory     : Autowiring by type from bean name 'org.springframework.boot.autoconfigure.web.servlet.error.ErrorMvcAutoConfiguration$DefaultErrorViewResolverConfiguration' via constructor to bean named 'spring.web-org.springframework.boot.autoconfigure.web.WebProperties'
2025-05-13T22:42:54.041-05:00 DEBUG 92217 --- [           main] o.s.b.f.s.DefaultListableBeanFactory     : Creating shared instance of singleton bean 'spring.mvc-org.springframework.boot.autoconfigure.web.servlet.WebMvcProperties'
2025-05-13T22:42:54.043-05:00 DEBUG 92217 --- [           main] o.s.b.f.s.DefaultListableBeanFactory     : Creating shared instance of singleton bean 'org.springframework.boot.autoconfigure.web.servlet.error.ErrorMvcAutoConfiguration'
2025-05-13T22:42:54.044-05:00 DEBUG 92217 --- [           main] o.s.b.f.s.DefaultListableBeanFactory     : Creating shared instance of singleton bean 'server-org.springframework.boot.autoconfigure.web.ServerProperties'
2025-05-13T22:42:54.046-05:00 DEBUG 92217 --- [           main] o.s.b.f.s.DefaultListableBeanFactory     : Autowiring by type from bean name 'org.springframework.boot.autoconfigure.web.servlet.error.ErrorMvcAutoConfiguration' via constructor to bean named 'server-org.springframework.boot.autoconfigure.web.ServerProperties'
2025-05-13T22:42:54.047-05:00 DEBUG 92217 --- [           main] o.s.b.f.s.DefaultListableBeanFactory     : Creating shared instance of singleton bean 'errorAttributes'
2025-05-13T22:42:54.047-05:00 DEBUG 92217 --- [           main] o.s.b.f.s.DefaultListableBeanFactory     : Creating shared instance of singleton bean 'basicErrorController'
2025-05-13T22:42:54.048-05:00 DEBUG 92217 --- [           main] o.s.b.f.s.DefaultListableBeanFactory     : Autowiring by type from bean name 'basicErrorController' via factory method to bean named 'errorAttributes'
2025-05-13T22:42:54.049-05:00 DEBUG 92217 --- [           main] o.s.b.f.s.DefaultListableBeanFactory     : Creating shared instance of singleton bean 'errorPageCustomizer'
2025-05-13T22:42:54.049-05:00 DEBUG 92217 --- [           main] o.s.b.f.s.DefaultListableBeanFactory     : Creating shared instance of singleton bean 'dispatcherServletPath'
2025-05-13T22:42:54.049-05:00 DEBUG 92217 --- [           main] o.s.b.f.s.DefaultListableBeanFactory     : Creating shared instance of singleton bean 'org.springframework.boot.test.autoconfigure.web.servlet.MockMvcAutoConfiguration'
2025-05-13T22:42:54.050-05:00 DEBUG 92217 --- [           main] o.s.b.f.s.DefaultListableBeanFactory     : Autowiring by type from bean name 'org.springframework.boot.test.autoconfigure.web.servlet.MockMvcAutoConfiguration' via constructor to bean named 'org.springframework.web.context.support.GenericWebApplicationContext@66c8c875'
2025-05-13T22:42:54.050-05:00 DEBUG 92217 --- [           main] o.s.b.f.s.DefaultListableBeanFactory     : Autowiring by type from bean name 'org.springframework.boot.test.autoconfigure.web.servlet.MockMvcAutoConfiguration' via constructor to bean named 'spring.mvc-org.springframework.boot.autoconfigure.web.servlet.WebMvcProperties'
2025-05-13T22:42:54.051-05:00 DEBUG 92217 --- [           main] o.s.b.f.s.DefaultListableBeanFactory     : Autowiring by type from bean name 'errorPageCustomizer' via factory method to bean named 'dispatcherServletPath'
2025-05-13T22:42:54.052-05:00 DEBUG 92217 --- [           main] o.s.b.f.s.DefaultListableBeanFactory     : Creating shared instance of singleton bean 'org.springframework.boot.autoconfigure.web.servlet.WebMvcAutoConfiguration$EnableWebMvcConfiguration'
2025-05-13T22:42:54.052-05:00 DEBUG 92217 --- [           main] o.s.b.f.s.DefaultListableBeanFactory     : Autowiring by type from bean name 'org.springframework.boot.autoconfigure.web.servlet.WebMvcAutoConfiguration$EnableWebMvcConfiguration' via constructor to bean named 'spring.mvc-org.springframework.boot.autoconfigure.web.servlet.WebMvcProperties'
2025-05-13T22:42:54.053-05:00 DEBUG 92217 --- [           main] o.s.b.f.s.DefaultListableBeanFactory     : Autowiring by type from bean name 'org.springframework.boot.autoconfigure.web.servlet.WebMvcAutoConfiguration$EnableWebMvcConfiguration' via constructor to bean named 'spring.web-org.springframework.boot.autoconfigure.web.WebProperties'
2025-05-13T22:42:54.053-05:00 DEBUG 92217 --- [           main] o.s.b.f.s.DefaultListableBeanFactory     : Autowiring by type from bean name 'org.springframework.boot.autoconfigure.web.servlet.WebMvcAutoConfiguration$EnableWebMvcConfiguration' via constructor to bean named 'org.springframework.beans.factory.support.DefaultListableBeanFactory@5afc4816'
2025-05-13T22:42:54.055-05:00 DEBUG 92217 --- [           main] o.s.b.f.s.DefaultListableBeanFactory     : Creating shared instance of singleton bean 'org.springframework.boot.autoconfigure.web.servlet.WebMvcAutoConfiguration$WebMvcAutoConfigurationAdapter'
2025-05-13T22:42:54.056-05:00 DEBUG 92217 --- [           main] o.s.b.f.s.DefaultListableBeanFactory     : Autowiring by type from bean name 'org.springframework.boot.autoconfigure.web.servlet.WebMvcAutoConfiguration$WebMvcAutoConfigurationAdapter' via constructor to bean named 'spring.web-org.springframework.boot.autoconfigure.web.WebProperties'
2025-05-13T22:42:54.056-05:00 DEBUG 92217 --- [           main] o.s.b.f.s.DefaultListableBeanFactory     : Autowiring by type from bean name 'org.springframework.boot.autoconfigure.web.servlet.WebMvcAutoConfiguration$WebMvcAutoConfigurationAdapter' via constructor to bean named 'spring.mvc-org.springframework.boot.autoconfigure.web.servlet.WebMvcProperties'
2025-05-13T22:42:54.056-05:00 DEBUG 92217 --- [           main] o.s.b.f.s.DefaultListableBeanFactory     : Autowiring by type from bean name 'org.springframework.boot.autoconfigure.web.servlet.WebMvcAutoConfiguration$WebMvcAutoConfigurationAdapter' via constructor to bean named 'org.springframework.beans.factory.support.DefaultListableBeanFactory@5afc4816'
2025-05-13T22:42:54.057-05:00 DEBUG 92217 --- [           main] o.s.b.f.s.DefaultListableBeanFactory     : Creating shared instance of singleton bean 'org.springframework.data.web.config.SpringDataWebConfiguration'
2025-05-13T22:42:54.057-05:00 DEBUG 92217 --- [           main] o.s.b.f.s.DefaultListableBeanFactory     : Autowiring by type from bean name 'org.springframework.data.web.config.SpringDataWebConfiguration' via constructor to bean named 'org.springframework.web.context.support.GenericWebApplicationContext@66c8c875'
2025-05-13T22:42:54.058-05:00 DEBUG 92217 --- [           main] o.s.b.f.s.DefaultListableBeanFactory     : Creating shared instance of singleton bean 'org.springframework.security.config.annotation.web.configuration.WebMvcSecurityConfiguration'
2025-05-13T22:42:54.058-05:00 DEBUG 92217 --- [           main] o.s.b.f.s.DefaultListableBeanFactory     : Creating shared instance of singleton bean 'requestMappingHandlerAdapter'
2025-05-13T22:42:54.059-05:00 DEBUG 92217 --- [           main] o.s.b.f.s.DefaultListableBeanFactory     : Creating shared instance of singleton bean 'mvcContentNegotiationManager'
2025-05-13T22:42:54.060-05:00 DEBUG 92217 --- [           main] o.s.b.f.s.DefaultListableBeanFactory     : Creating shared instance of singleton bean 'mvcConversionService'
2025-05-13T22:42:54.063-05:00 DEBUG 92217 --- [           main] o.s.b.f.s.DefaultListableBeanFactory     : Creating shared instance of singleton bean 'mvcValidator'
2025-05-13T22:42:54.064-05:00 DEBUG 92217 --- [           main] o.s.b.f.s.DefaultListableBeanFactory     : Autowiring by type from bean name 'requestMappingHandlerAdapter' via factory method to bean named 'mvcContentNegotiationManager'
2025-05-13T22:42:54.064-05:00 DEBUG 92217 --- [           main] o.s.b.f.s.DefaultListableBeanFactory     : Autowiring by type from bean name 'requestMappingHandlerAdapter' via factory method to bean named 'mvcConversionService'
2025-05-13T22:42:54.064-05:00 DEBUG 92217 --- [           main] o.s.b.f.s.DefaultListableBeanFactory     : Autowiring by type from bean name 'requestMappingHandlerAdapter' via factory method to bean named 'mvcValidator'
2025-05-13T22:42:54.065-05:00 DEBUG 92217 --- [           main] o.s.b.f.s.DefaultListableBeanFactory     : Creating shared instance of singleton bean 'messageConverters'
2025-05-13T22:42:54.065-05:00 DEBUG 92217 --- [           main] o.s.b.f.s.DefaultListableBeanFactory     : Creating shared instance of singleton bean 'org.springframework.boot.autoconfigure.http.HttpMessageConvertersAutoConfiguration'
2025-05-13T22:42:54.066-05:00 DEBUG 92217 --- [           main] o.s.b.f.s.DefaultListableBeanFactory     : Creating shared instance of singleton bean 'stringHttpMessageConverter'
2025-05-13T22:42:54.066-05:00 DEBUG 92217 --- [           main] o.s.b.f.s.DefaultListableBeanFactory     : Creating shared instance of singleton bean 'org.springframework.boot.autoconfigure.http.HttpMessageConvertersAutoConfiguration$StringHttpMessageConverterConfiguration'
2025-05-13T22:42:54.067-05:00 DEBUG 92217 --- [           main] o.s.b.f.s.DefaultListableBeanFactory     : Autowiring by type from bean name 'stringHttpMessageConverter' via factory method to bean named 'environment'
2025-05-13T22:42:54.070-05:00 DEBUG 92217 --- [           main] o.s.b.f.s.DefaultListableBeanFactory     : Creating shared instance of singleton bean 'mappingJackson2HttpMessageConverter'
2025-05-13T22:42:54.070-05:00 DEBUG 92217 --- [           main] o.s.b.f.s.DefaultListableBeanFactory     : Creating shared instance of singleton bean 'org.springframework.boot.autoconfigure.http.JacksonHttpMessageConvertersConfiguration$MappingJackson2HttpMessageConverterConfiguration'
2025-05-13T22:42:54.071-05:00 DEBUG 92217 --- [           main] o.s.b.f.s.DefaultListableBeanFactory     : Creating shared instance of singleton bean 'jacksonObjectMapper'
2025-05-13T22:42:54.072-05:00 DEBUG 92217 --- [           main] o.s.b.f.s.DefaultListableBeanFactory     : Creating shared instance of singleton bean 'org.springframework.boot.autoconfigure.jackson.JacksonAutoConfiguration$JacksonObjectMapperConfiguration'
2025-05-13T22:42:54.072-05:00 DEBUG 92217 --- [           main] o.s.b.f.s.DefaultListableBeanFactory     : Creating shared instance of singleton bean 'org.springframework.boot.autoconfigure.jackson.JacksonAutoConfiguration$JacksonObjectMapperBuilderConfiguration'
2025-05-13T22:42:54.073-05:00 DEBUG 92217 --- [           main] o.s.b.f.s.DefaultListableBeanFactory     : Creating shared instance of singleton bean 'standardJacksonObjectMapperBuilderCustomizer'
2025-05-13T22:42:54.073-05:00 DEBUG 92217 --- [           main] o.s.b.f.s.DefaultListableBeanFactory     : Creating shared instance of singleton bean 'org.springframework.boot.autoconfigure.jackson.JacksonAutoConfiguration$Jackson2ObjectMapperBuilderCustomizerConfiguration'
2025-05-13T22:42:54.074-05:00 DEBUG 92217 --- [           main] o.s.b.f.s.DefaultListableBeanFactory     : Creating shared instance of singleton bean 'spring.jackson-org.springframework.boot.autoconfigure.jackson.JacksonProperties'
2025-05-13T22:42:54.078-05:00 DEBUG 92217 --- [           main] o.s.b.f.s.DefaultListableBeanFactory     : Autowiring by type from bean name 'standardJacksonObjectMapperBuilderCustomizer' via factory method to bean named 'spring.jackson-org.springframework.boot.autoconfigure.jackson.JacksonProperties'
2025-05-13T22:42:54.078-05:00 DEBUG 92217 --- [           main] o.s.b.f.s.DefaultListableBeanFactory     : Creating shared instance of singleton bean 'parameterNamesModule'
2025-05-13T22:42:54.078-05:00 DEBUG 92217 --- [           main] o.s.b.f.s.DefaultListableBeanFactory     : Creating shared instance of singleton bean 'org.springframework.boot.autoconfigure.jackson.JacksonAutoConfiguration$ParameterNamesModuleConfiguration'
2025-05-13T22:42:54.079-05:00 DEBUG 92217 --- [           main] o.s.b.f.s.DefaultListableBeanFactory     : Creating shared instance of singleton bean 'jsonMixinModule'
2025-05-13T22:42:54.079-05:00 DEBUG 92217 --- [           main] o.s.b.f.s.DefaultListableBeanFactory     : Creating shared instance of singleton bean 'org.springframework.boot.autoconfigure.jackson.JacksonAutoConfiguration$JacksonMixinConfiguration'
2025-05-13T22:42:54.080-05:00 DEBUG 92217 --- [           main] o.s.b.f.s.DefaultListableBeanFactory     : Creating shared instance of singleton bean 'jsonMixinModuleEntries'
2025-05-13T22:42:54.080-05:00 DEBUG 92217 --- [           main] o.s.b.f.s.DefaultListableBeanFactory     : Autowiring by type from bean name 'jsonMixinModuleEntries' via factory method to bean named 'org.springframework.web.context.support.GenericWebApplicationContext@66c8c875'
2025-05-13T22:42:54.080-05:00 DEBUG 92217 --- [           main] o.s.b.a.AutoConfigurationPackages        : @EnableAutoConfiguration was declared on a class in the package 'com.schedule'. Automatic @Repository and @Entity scanning is enabled.
2025-05-13T22:42:54.084-05:00 DEBUG 92217 --- [           main] o.s.b.f.s.DefaultListableBeanFactory     : Autowiring by type from bean name 'jsonMixinModule' via factory method to bean named 'org.springframework.web.context.support.GenericWebApplicationContext@66c8c875'
2025-05-13T22:42:54.085-05:00 DEBUG 92217 --- [           main] o.s.b.f.s.DefaultListableBeanFactory     : Autowiring by type from bean name 'jsonMixinModule' via factory method to bean named 'jsonMixinModuleEntries'
2025-05-13T22:42:54.086-05:00 DEBUG 92217 --- [           main] o.s.b.f.s.DefaultListableBeanFactory     : Creating shared instance of singleton bean 'jsonComponentModule'
2025-05-13T22:42:54.086-05:00 DEBUG 92217 --- [           main] o.s.b.f.s.DefaultListableBeanFactory     : Creating shared instance of singleton bean 'org.springframework.boot.autoconfigure.jackson.JacksonAutoConfiguration'
2025-05-13T22:42:54.089-05:00 DEBUG 92217 --- [           main] o.s.b.f.s.DefaultListableBeanFactory     : Creating shared instance of singleton bean 'jacksonGeoModule'
2025-05-13T22:42:54.089-05:00 DEBUG 92217 --- [           main] o.s.b.f.s.DefaultListableBeanFactory     : Creating shared instance of singleton bean 'org.springframework.data.web.config.SpringDataJacksonConfiguration'
2025-05-13T22:42:54.091-05:00 DEBUG 92217 --- [           main] o.s.b.f.s.DefaultListableBeanFactory     : Autowiring by type from bean name 'jacksonObjectMapperBuilder' via factory method to bean named 'org.springframework.web.context.support.GenericWebApplicationContext@66c8c875'
2025-05-13T22:42:54.091-05:00 DEBUG 92217 --- [           main] o.s.b.f.s.DefaultListableBeanFactory     : Autowiring by type from bean name 'jacksonObjectMapperBuilder' via factory method to bean named 'standardJacksonObjectMapperBuilderCustomizer'
2025-05-13T22:42:54.091-05:00 DEBUG 92217 --- [           main] o.s.b.f.s.DefaultListableBeanFactory     : Autowiring by type from bean name 'jacksonObjectMapper' via factory method to bean named 'jacksonObjectMapperBuilder'
2025-05-13T22:42:54.095-05:00 DEBUG 92217 --- [           main] o.s.b.f.s.DefaultListableBeanFactory     : Autowiring by type from bean name 'mappingJackson2HttpMessageConverter' via factory method to bean named 'jacksonObjectMapper'
2025-05-13T22:42:54.100-05:00 DEBUG 92217 --- [           main] o.s.b.f.s.DefaultListableBeanFactory     : Creating shared instance of singleton bean 'sortResolver'
2025-05-13T22:42:54.100-05:00 DEBUG 92217 --- [           main] o.s.b.f.s.DefaultListableBeanFactory     : Creating shared instance of singleton bean 'sortCustomizer'
2025-05-13T22:42:54.100-05:00 DEBUG 92217 --- [           main] o.s.b.f.s.DefaultListableBeanFactory     : Creating shared instance of singleton bean 'org.springframework.boot.autoconfigure.data.web.SpringDataWebAutoConfiguration'
2025-05-13T22:42:54.101-05:00 DEBUG 92217 --- [           main] o.s.b.f.s.DefaultListableBeanFactory     : Creating shared instance of singleton bean 'spring.data.web-org.springframework.boot.autoconfigure.data.web.SpringDataWebProperties'
2025-05-13T22:42:54.102-05:00 DEBUG 92217 --- [           main] o.s.b.f.s.DefaultListableBeanFactory     : Autowiring by type from bean name 'org.springframework.boot.autoconfigure.data.web.SpringDataWebAutoConfiguration' via constructor to bean named 'spring.data.web-org.springframework.boot.autoconfigure.data.web.SpringDataWebProperties'
2025-05-13T22:42:54.103-05:00 DEBUG 92217 --- [           main] o.s.b.f.s.DefaultListableBeanFactory     : Creating shared instance of singleton bean 'pageableResolver'
2025-05-13T22:42:54.103-05:00 DEBUG 92217 --- [           main] o.s.b.f.s.DefaultListableBeanFactory     : Creating shared instance of singleton bean 'pageableCustomizer'
2025-05-13T22:42:54.104-05:00 DEBUG 92217 --- [           main] o.s.b.f.s.DefaultListableBeanFactory     : Creating shared instance of singleton bean 'applicationTaskExecutor'
2025-05-13T22:42:54.105-05:00 DEBUG 92217 --- [           main] o.s.b.f.s.DefaultListableBeanFactory     : Autowiring by type from bean name 'applicationTaskExecutor' via factory method to bean named 'taskExecutorBuilder'
2025-05-13T22:42:54.105-05:00 DEBUG 92217 --- [           main] o.s.s.concurrent.ThreadPoolTaskExecutor  : Initializing ExecutorService 'applicationTaskExecutor'
2025-05-13T22:42:54.107-05:00 DEBUG 92217 --- [           main] s.w.s.m.m.a.RequestMappingHandlerAdapter : ControllerAdvice beans: 1 @ModelAttribute, 0 @InitBinder, 1 RequestBodyAdvice, 1 ResponseBodyAdvice
2025-05-13T22:42:54.108-05:00 DEBUG 92217 --- [           main] o.s.b.f.s.DefaultListableBeanFactory     : Creating shared instance of singleton bean 'welcomePageHandlerMapping'
2025-05-13T22:42:54.108-05:00 DEBUG 92217 --- [           main] o.s.b.f.s.DefaultListableBeanFactory     : Creating shared instance of singleton bean 'mvcResourceUrlProvider'
2025-05-13T22:42:54.109-05:00 DEBUG 92217 --- [           main] o.s.b.f.s.DefaultListableBeanFactory     : Autowiring by type from bean name 'welcomePageHandlerMapping' via factory method to bean named 'org.springframework.web.context.support.GenericWebApplicationContext@66c8c875'
2025-05-13T22:42:54.109-05:00 DEBUG 92217 --- [           main] o.s.b.f.s.DefaultListableBeanFactory     : Autowiring by type from bean name 'welcomePageHandlerMapping' via factory method to bean named 'mvcConversionService'
2025-05-13T22:42:54.109-05:00 DEBUG 92217 --- [           main] o.s.b.f.s.DefaultListableBeanFactory     : Autowiring by type from bean name 'welcomePageHandlerMapping' via factory method to bean named 'mvcResourceUrlProvider'
2025-05-13T22:42:54.112-05:00 DEBUG 92217 --- [           main] o.s.b.f.s.DefaultListableBeanFactory     : Creating shared instance of singleton bean 'welcomePageNotAcceptableHandlerMapping'
2025-05-13T22:42:54.113-05:00 DEBUG 92217 --- [           main] o.s.b.f.s.DefaultListableBeanFactory     : Autowiring by type from bean name 'welcomePageNotAcceptableHandlerMapping' via factory method to bean named 'org.springframework.web.context.support.GenericWebApplicationContext@66c8c875'
2025-05-13T22:42:54.113-05:00 DEBUG 92217 --- [           main] o.s.b.f.s.DefaultListableBeanFactory     : Autowiring by type from bean name 'welcomePageNotAcceptableHandlerMapping' via factory method to bean named 'mvcConversionService'
2025-05-13T22:42:54.113-05:00 DEBUG 92217 --- [           main] o.s.b.f.s.DefaultListableBeanFactory     : Autowiring by type from bean name 'welcomePageNotAcceptableHandlerMapping' via factory method to bean named 'mvcResourceUrlProvider'
2025-05-13T22:42:54.116-05:00 DEBUG 92217 --- [           main] o.s.b.f.s.DefaultListableBeanFactory     : Creating shared instance of singleton bean 'localeResolver'
2025-05-13T22:42:54.117-05:00 DEBUG 92217 --- [           main] o.s.b.f.s.DefaultListableBeanFactory     : Creating shared instance of singleton bean 'themeResolver'
2025-05-13T22:42:54.118-05:00 DEBUG 92217 --- [           main] o.s.b.f.s.DefaultListableBeanFactory     : Creating shared instance of singleton bean 'flashMapManager'
2025-05-13T22:42:54.118-05:00 DEBUG 92217 --- [           main] o.s.b.f.s.DefaultListableBeanFactory     : Creating shared instance of singleton bean 'requestMappingHandlerMapping'
2025-05-13T22:42:54.119-05:00 DEBUG 92217 --- [           main] o.s.b.f.s.DefaultListableBeanFactory     : Autowiring by type from bean name 'requestMappingHandlerMapping' via factory method to bean named 'mvcContentNegotiationManager'
2025-05-13T22:42:54.119-05:00 DEBUG 92217 --- [           main] o.s.b.f.s.DefaultListableBeanFactory     : Autowiring by type from bean name 'requestMappingHandlerMapping' via factory method to bean named 'mvcConversionService'
2025-05-13T22:42:54.119-05:00 DEBUG 92217 --- [           main] o.s.b.f.s.DefaultListableBeanFactory     : Autowiring by type from bean name 'requestMappingHandlerMapping' via factory method to bean named 'mvcResourceUrlProvider'
2025-05-13T22:42:54.122-05:00 DEBUG 92217 --- [           main] _.s.web.servlet.HandlerMapping.Mappings  : 
	c.s.c.AdminController:
	{POST [/admin/create-user]}: createUser(String,String,String,Role,RedirectAttributes)
	{GET [/admin/user-management]}: userManagement(Model,Authentication)
	{POST [/admin/reset-password]}: resetPassword(Long,String,RedirectAttributes)
	{POST [/admin/terminate-user]}: terminateUser(Long,RedirectAttributes)
2025-05-13T22:42:54.124-05:00 DEBUG 92217 --- [           main] _.s.web.servlet.HandlerMapping.Mappings  : 
	o.s.b.a.w.s.e.BasicErrorController:
	{ [/error]}: error(HttpServletRequest)
	{ [/error], produces [text/html]}: errorHtml(HttpServletRequest,HttpServletResponse)
2025-05-13T22:42:54.126-05:00 DEBUG 92217 --- [           main] s.w.s.m.m.a.RequestMappingHandlerMapping : 6 mappings in 'requestMappingHandlerMapping'
2025-05-13T22:42:54.126-05:00 DEBUG 92217 --- [           main] o.s.b.f.s.DefaultListableBeanFactory     : Creating shared instance of singleton bean 'mvcPatternParser'
2025-05-13T22:42:54.127-05:00 DEBUG 92217 --- [           main] o.s.b.f.s.DefaultListableBeanFactory     : Creating shared instance of singleton bean 'mvcUrlPathHelper'
2025-05-13T22:42:54.127-05:00 DEBUG 92217 --- [           main] o.s.b.f.s.DefaultListableBeanFactory     : Creating shared instance of singleton bean 'mvcPathMatcher'
2025-05-13T22:42:54.127-05:00 DEBUG 92217 --- [           main] o.s.b.f.s.DefaultListableBeanFactory     : Creating shared instance of singleton bean 'viewControllerHandlerMapping'
2025-05-13T22:42:54.128-05:00 DEBUG 92217 --- [           main] o.s.b.f.s.DefaultListableBeanFactory     : Autowiring by type from bean name 'viewControllerHandlerMapping' via factory method to bean named 'mvcConversionService'
2025-05-13T22:42:54.128-05:00 DEBUG 92217 --- [           main] o.s.b.f.s.DefaultListableBeanFactory     : Autowiring by type from bean name 'viewControllerHandlerMapping' via factory method to bean named 'mvcResourceUrlProvider'
2025-05-13T22:42:54.129-05:00 DEBUG 92217 --- [           main] o.s.b.f.s.DefaultListableBeanFactory     : Creating shared instance of singleton bean 'beanNameHandlerMapping'
2025-05-13T22:42:54.130-05:00 DEBUG 92217 --- [           main] o.s.b.f.s.DefaultListableBeanFactory     : Autowiring by type from bean name 'beanNameHandlerMapping' via factory method to bean named 'mvcConversionService'
2025-05-13T22:42:54.130-05:00 DEBUG 92217 --- [           main] o.s.b.f.s.DefaultListableBeanFactory     : Autowiring by type from bean name 'beanNameHandlerMapping' via factory method to bean named 'mvcResourceUrlProvider'
2025-05-13T22:42:54.131-05:00 DEBUG 92217 --- [           main] _.s.web.servlet.HandlerMapping.Mappings  : 'beanNameHandlerMapping' {}
2025-05-13T22:42:54.131-05:00 DEBUG 92217 --- [           main] o.s.b.f.s.DefaultListableBeanFactory     : Creating shared instance of singleton bean 'routerFunctionMapping'
2025-05-13T22:42:54.131-05:00 DEBUG 92217 --- [           main] o.s.b.f.s.DefaultListableBeanFactory     : Autowiring by type from bean name 'routerFunctionMapping' via factory method to bean named 'mvcConversionService'
2025-05-13T22:42:54.131-05:00 DEBUG 92217 --- [           main] o.s.b.f.s.DefaultListableBeanFactory     : Autowiring by type from bean name 'routerFunctionMapping' via factory method to bean named 'mvcResourceUrlProvider'
2025-05-13T22:42:54.133-05:00 DEBUG 92217 --- [           main] o.s.b.f.s.DefaultListableBeanFactory     : Creating shared instance of singleton bean 'resourceHandlerMapping'
2025-05-13T22:42:54.133-05:00 DEBUG 92217 --- [           main] o.s.b.f.s.DefaultListableBeanFactory     : Autowiring by type from bean name 'resourceHandlerMapping' via factory method to bean named 'mvcContentNegotiationManager'
2025-05-13T22:42:54.133-05:00 DEBUG 92217 --- [           main] o.s.b.f.s.DefaultListableBeanFactory     : Autowiring by type from bean name 'resourceHandlerMapping' via factory method to bean named 'mvcConversionService'
2025-05-13T22:42:54.133-05:00 DEBUG 92217 --- [           main] o.s.b.f.s.DefaultListableBeanFactory     : Autowiring by type from bean name 'resourceHandlerMapping' via factory method to bean named 'mvcResourceUrlProvider'
2025-05-13T22:42:54.134-05:00 DEBUG 92217 --- [           main] _.s.web.servlet.HandlerMapping.Mappings  : 'resourceHandlerMapping' {/webjars/**=ResourceHttpRequestHandler [classpath [META-INF/resources/webjars/]], /**=ResourceHttpRequestHandler [classpath [META-INF/resources/], classpath [resources/], classpath [static/], classpath [public/], ServletContext [/]]}
2025-05-13T22:42:54.134-05:00 DEBUG 92217 --- [           main] o.s.b.f.s.DefaultListableBeanFactory     : Creating shared instance of singleton bean 'defaultServletHandlerMapping'
2025-05-13T22:42:54.135-05:00 DEBUG 92217 --- [           main] o.s.b.f.s.DefaultListableBeanFactory     : Creating shared instance of singleton bean 'handlerFunctionAdapter'
2025-05-13T22:42:54.135-05:00 DEBUG 92217 --- [           main] o.s.b.f.s.DefaultListableBeanFactory     : Creating shared instance of singleton bean 'mvcUriComponentsContributor'
2025-05-13T22:42:54.135-05:00 DEBUG 92217 --- [           main] o.s.b.f.s.DefaultListableBeanFactory     : Autowiring by type from bean name 'mvcUriComponentsContributor' via factory method to bean named 'mvcConversionService'
2025-05-13T22:42:54.136-05:00 DEBUG 92217 --- [           main] o.s.b.f.s.DefaultListableBeanFactory     : Autowiring by type from bean name 'mvcUriComponentsContributor' via factory method to bean named 'requestMappingHandlerAdapter'
2025-05-13T22:42:54.136-05:00 DEBUG 92217 --- [           main] o.s.b.f.s.DefaultListableBeanFactory     : Creating shared instance of singleton bean 'httpRequestHandlerAdapter'
2025-05-13T22:42:54.136-05:00 DEBUG 92217 --- [           main] o.s.b.f.s.DefaultListableBeanFactory     : Creating shared instance of singleton bean 'simpleControllerHandlerAdapter'
2025-05-13T22:42:54.136-05:00 DEBUG 92217 --- [           main] o.s.b.f.s.DefaultListableBeanFactory     : Creating shared instance of singleton bean 'handlerExceptionResolver'
2025-05-13T22:42:54.137-05:00 DEBUG 92217 --- [           main] o.s.b.f.s.DefaultListableBeanFactory     : Autowiring by type from bean name 'handlerExceptionResolver' via factory method to bean named 'mvcContentNegotiationManager'
2025-05-13T22:42:54.138-05:00 DEBUG 92217 --- [           main] .m.m.a.ExceptionHandlerExceptionResolver : ControllerAdvice beans: 0 @ExceptionHandler, 1 ResponseBodyAdvice
2025-05-13T22:42:54.138-05:00 DEBUG 92217 --- [           main] o.s.b.f.s.DefaultListableBeanFactory     : Creating shared instance of singleton bean 'mvcViewResolver'
2025-05-13T22:42:54.139-05:00 DEBUG 92217 --- [           main] o.s.b.f.s.DefaultListableBeanFactory     : Autowiring by type from bean name 'mvcViewResolver' via factory method to bean named 'mvcContentNegotiationManager'
2025-05-13T22:42:54.139-05:00 DEBUG 92217 --- [           main] o.s.b.f.s.DefaultListableBeanFactory     : Creating shared instance of singleton bean 'viewNameTranslator'
2025-05-13T22:42:54.139-05:00 DEBUG 92217 --- [           main] o.s.b.f.s.DefaultListableBeanFactory     : Creating shared instance of singleton bean 'defaultViewResolver'
2025-05-13T22:42:54.140-05:00 DEBUG 92217 --- [           main] o.s.b.f.s.DefaultListableBeanFactory     : Creating shared instance of singleton bean 'viewResolver'
2025-05-13T22:42:54.140-05:00 DEBUG 92217 --- [           main] o.s.b.f.s.DefaultListableBeanFactory     : Autowiring by type from bean name 'viewResolver' via factory method to bean named 'org.springframework.beans.factory.support.DefaultListableBeanFactory@5afc4816'
2025-05-13T22:42:54.141-05:00 DEBUG 92217 --- [           main] o.s.b.f.s.DefaultListableBeanFactory     : Creating shared instance of singleton bean 'viewResolver'
2025-05-13T22:42:54.141-05:00 DEBUG 92217 --- [           main] o.s.b.f.s.DefaultListableBeanFactory     : Creating shared instance of singleton bean 'thymeleafViewResolver'
2025-05-13T22:42:54.141-05:00 DEBUG 92217 --- [           main] o.s.b.f.s.DefaultListableBeanFactory     : Creating shared instance of singleton bean 'org.springframework.boot.autoconfigure.thymeleaf.ThymeleafAutoConfiguration$ThymeleafWebMvcConfiguration$ThymeleafViewResolverConfiguration'
2025-05-13T22:42:54.141-05:00 DEBUG 92217 --- [           main] o.s.b.f.s.DefaultListableBeanFactory     : Creating shared instance of singleton bean 'spring.thymeleaf-org.springframework.boot.autoconfigure.thymeleaf.ThymeleafProperties'
2025-05-13T22:42:54.144-05:00 DEBUG 92217 --- [           main] o.s.b.f.s.DefaultListableBeanFactory     : Creating shared instance of singleton bean 'templateEngine'
2025-05-13T22:42:54.144-05:00 DEBUG 92217 --- [           main] o.s.b.f.s.DefaultListableBeanFactory     : Creating shared instance of singleton bean 'org.springframework.boot.autoconfigure.thymeleaf.TemplateEngineConfigurations$DefaultTemplateEngineConfiguration'
2025-05-13T22:42:54.144-05:00 DEBUG 92217 --- [           main] o.s.b.f.s.DefaultListableBeanFactory     : Autowiring by type from bean name 'templateEngine' via factory method to bean named 'spring.thymeleaf-org.springframework.boot.autoconfigure.thymeleaf.ThymeleafProperties'
2025-05-13T22:42:54.145-05:00 DEBUG 92217 --- [           main] o.s.b.f.s.DefaultListableBeanFactory     : Creating shared instance of singleton bean 'defaultTemplateResolver'
2025-05-13T22:42:54.145-05:00 DEBUG 92217 --- [           main] o.s.b.f.s.DefaultListableBeanFactory     : Creating shared instance of singleton bean 'org.springframework.boot.autoconfigure.thymeleaf.ThymeleafAutoConfiguration$DefaultTemplateResolverConfiguration'
2025-05-13T22:42:54.145-05:00 DEBUG 92217 --- [           main] o.s.b.f.s.DefaultListableBeanFactory     : Autowiring by type from bean name 'org.springframework.boot.autoconfigure.thymeleaf.ThymeleafAutoConfiguration$DefaultTemplateResolverConfiguration' via constructor to bean named 'spring.thymeleaf-org.springframework.boot.autoconfigure.thymeleaf.ThymeleafProperties'
2025-05-13T22:42:54.145-05:00 DEBUG 92217 --- [           main] o.s.b.f.s.DefaultListableBeanFactory     : Autowiring by type from bean name 'org.springframework.boot.autoconfigure.thymeleaf.ThymeleafAutoConfiguration$DefaultTemplateResolverConfiguration' via constructor to bean named 'org.springframework.web.context.support.GenericWebApplicationContext@66c8c875'
2025-05-13T22:42:54.146-05:00 DEBUG 92217 --- [           main] o.s.b.f.s.DefaultListableBeanFactory     : Autowiring by type from bean name 'thymeleafViewResolver' via factory method to bean named 'spring.thymeleaf-org.springframework.boot.autoconfigure.thymeleaf.ThymeleafProperties'
2025-05-13T22:42:54.147-05:00 DEBUG 92217 --- [           main] o.s.b.f.s.DefaultListableBeanFactory     : Autowiring by type from bean name 'thymeleafViewResolver' via factory method to bean named 'templateEngine'
2025-05-13T22:42:54.147-05:00 DEBUG 92217 --- [           main] o.s.b.f.s.DefaultListableBeanFactory     : Creating shared instance of singleton bean 'requestContextFilter'
2025-05-13T22:42:54.148-05:00 DEBUG 92217 --- [           main] o.s.b.f.s.DefaultListableBeanFactory     : Creating shared instance of singleton bean 'org.springframework.boot.autoconfigure.web.servlet.WebMvcAutoConfiguration'
2025-05-13T22:42:54.148-05:00 DEBUG 92217 --- [           main] o.s.b.f.s.DefaultListableBeanFactory     : Creating shared instance of singleton bean 'formContentFilter'
2025-05-13T22:42:54.149-05:00 DEBUG 92217 --- [           main] o.s.b.f.s.DefaultListableBeanFactory     : Creating shared instance of singleton bean 'org.springframework.boot.autoconfigure.http.JacksonHttpMessageConvertersConfiguration'
2025-05-13T22:42:54.149-05:00 DEBUG 92217 --- [           main] o.s.b.f.s.DefaultListableBeanFactory     : Creating shared instance of singleton bean 'org.springframework.data.web.config.ProjectingArgumentResolverRegistrar'
2025-05-13T22:42:54.150-05:00 DEBUG 92217 --- [           main] o.s.b.f.s.DefaultListableBeanFactory     : Creating shared instance of singleton bean 'org.springframework.security.config.annotation.configuration.ObjectPostProcessorConfiguration'
2025-05-13T22:42:54.150-05:00 DEBUG 92217 --- [           main] o.s.b.f.s.DefaultListableBeanFactory     : Creating shared instance of singleton bean 'objectPostProcessor'
2025-05-13T22:42:54.150-05:00 DEBUG 92217 --- [           main] o.s.b.f.s.DefaultListableBeanFactory     : Autowiring by type from bean name 'objectPostProcessor' via factory method to bean named 'org.springframework.beans.factory.support.DefaultListableBeanFactory@5afc4816'
2025-05-13T22:42:54.150-05:00 DEBUG 92217 --- [           main] o.s.b.f.s.DefaultListableBeanFactory     : Creating shared instance of singleton bean 'org.springframework.security.config.annotation.authentication.configuration.AuthenticationConfiguration'
2025-05-13T22:42:54.154-05:00 DEBUG 92217 --- [           main] o.s.b.f.s.DefaultListableBeanFactory     : Creating shared instance of singleton bean 'enableGlobalAuthenticationAutowiredConfigurer'
2025-05-13T22:42:54.154-05:00 DEBUG 92217 --- [           main] o.s.b.f.s.DefaultListableBeanFactory     : Autowiring by type from bean name 'enableGlobalAuthenticationAutowiredConfigurer' via factory method to bean named 'org.springframework.web.context.support.GenericWebApplicationContext@66c8c875'
2025-05-13T22:42:54.154-05:00 DEBUG 92217 --- [           main] o.s.b.f.s.DefaultListableBeanFactory     : Creating shared instance of singleton bean 'initializeUserDetailsBeanManagerConfigurer'
2025-05-13T22:42:54.154-05:00 DEBUG 92217 --- [           main] o.s.b.f.s.DefaultListableBeanFactory     : Autowiring by type from bean name 'initializeUserDetailsBeanManagerConfigurer' via factory method to bean named 'org.springframework.web.context.support.GenericWebApplicationContext@66c8c875'
2025-05-13T22:42:54.155-05:00 DEBUG 92217 --- [           main] o.s.b.f.s.DefaultListableBeanFactory     : Creating shared instance of singleton bean 'initializeAuthenticationProviderBeanManagerConfigurer'
2025-05-13T22:42:54.155-05:00 DEBUG 92217 --- [           main] o.s.b.f.s.DefaultListableBeanFactory     : Autowiring by type from bean name 'initializeAuthenticationProviderBeanManagerConfigurer' via factory method to bean named 'org.springframework.web.context.support.GenericWebApplicationContext@66c8c875'
2025-05-13T22:42:54.156-05:00 DEBUG 92217 --- [           main] o.s.b.f.s.DefaultListableBeanFactory     : Creating shared instance of singleton bean 'authenticationManagerBuilder'
2025-05-13T22:42:54.156-05:00 DEBUG 92217 --- [           main] o.s.b.f.s.DefaultListableBeanFactory     : Autowiring by type from bean name 'authenticationManagerBuilder' via factory method to bean named 'objectPostProcessor'
2025-05-13T22:42:54.156-05:00 DEBUG 92217 --- [           main] o.s.b.f.s.DefaultListableBeanFactory     : Autowiring by type from bean name 'authenticationManagerBuilder' via factory method to bean named 'org.springframework.web.context.support.GenericWebApplicationContext@66c8c875'
2025-05-13T22:42:54.157-05:00 DEBUG 92217 --- [           main] o.s.b.f.s.DefaultListableBeanFactory     : Creating shared instance of singleton bean 'authenticationEventPublisher'
2025-05-13T22:42:54.157-05:00 DEBUG 92217 --- [           main] o.s.b.f.s.DefaultListableBeanFactory     : Creating shared instance of singleton bean 'org.springframework.boot.autoconfigure.security.servlet.SecurityAutoConfiguration'
2025-05-13T22:42:54.157-05:00 DEBUG 92217 --- [           main] o.s.b.f.s.DefaultListableBeanFactory     : Autowiring by type from bean name 'authenticationEventPublisher' via factory method to bean named 'org.springframework.web.context.support.GenericWebApplicationContext@66c8c875'
2025-05-13T22:42:54.158-05:00 DEBUG 92217 --- [           main] o.s.b.f.s.DefaultListableBeanFactory     : Creating shared instance of singleton bean 'org.springframework.security.config.annotation.web.configuration.WebSecurityConfiguration'
2025-05-13T22:42:54.160-05:00 DEBUG 92217 --- [           main] o.s.b.f.s.DefaultListableBeanFactory     : Creating shared instance of singleton bean 'org.springframework.security.config.annotation.web.configuration.HttpSecurityConfiguration'
2025-05-13T22:42:54.164-05:00 DEBUG 92217 --- [           main] o.s.b.f.s.DefaultListableBeanFactory     : Creating shared instance of singleton bean 'org.springframework.boot.autoconfigure.security.servlet.SpringBootWebSecurityConfiguration$WebSecurityEnablerConfiguration'
2025-05-13T22:42:54.165-05:00 DEBUG 92217 --- [           main] o.s.b.f.s.DefaultListableBeanFactory     : Creating shared instance of singleton bean 'inMemoryUserDetailsManager'
2025-05-13T22:42:54.165-05:00 DEBUG 92217 --- [           main] o.s.b.f.s.DefaultListableBeanFactory     : Creating shared instance of singleton bean 'org.springframework.boot.autoconfigure.security.servlet.UserDetailsServiceAutoConfiguration'
2025-05-13T22:42:54.165-05:00 DEBUG 92217 --- [           main] o.s.b.f.s.DefaultListableBeanFactory     : Creating shared instance of singleton bean 'spring.security-org.springframework.boot.autoconfigure.security.SecurityProperties'
2025-05-13T22:42:54.166-05:00 DEBUG 92217 --- [           main] o.s.b.f.s.DefaultListableBeanFactory     : Autowiring by type from bean name 'inMemoryUserDetailsManager' via factory method to bean named 'spring.security-org.springframework.boot.autoconfigure.security.SecurityProperties'
2025-05-13T22:42:54.167-05:00  WARN 92217 --- [           main] .s.s.UserDetailsServiceAutoConfiguration : 

Using generated security password: 9aa2e4e9-2cb3-4218-87c4-bd01f19f1454

This generated password is for development use only. Your security configuration must be updated before running your application in production.

2025-05-13T22:42:54.174-05:00 DEBUG 92217 --- [           main] o.s.b.f.s.DefaultListableBeanFactory     : Creating shared instance of singleton bean 'defaultSecurityFilterChain'
2025-05-13T22:42:54.175-05:00 DEBUG 92217 --- [           main] o.s.b.f.s.DefaultListableBeanFactory     : Creating shared instance of singleton bean 'org.springframework.boot.autoconfigure.security.servlet.SpringBootWebSecurityConfiguration$SecurityFilterChainConfiguration'
2025-05-13T22:42:54.175-05:00 DEBUG 92217 --- [           main] o.s.b.f.s.DefaultListableBeanFactory     : Autowiring by type from bean name 'defaultSecurityFilterChain' via factory method to bean named 'org.springframework.security.config.annotation.web.configuration.HttpSecurityConfiguration.httpSecurity'
2025-05-13T22:42:54.193-05:00  INFO 92217 --- [           main] o.s.s.web.DefaultSecurityFilterChain     : Will secure any request with [org.springframework.security.web.session.DisableEncodeUrlFilter@60b16a5b, org.springframework.security.web.context.request.async.WebAsyncManagerIntegrationFilter@6bb4568, org.springframework.security.web.context.SecurityContextHolderFilter@51293850, org.springframework.security.web.header.HeaderWriterFilter@1f7d3d82, org.springframework.security.web.csrf.CsrfFilter@7e89f305, org.springframework.security.web.authentication.logout.LogoutFilter@52f85a6c, org.springframework.security.web.authentication.UsernamePasswordAuthenticationFilter@6906e2e, org.springframework.security.web.authentication.ui.DefaultLoginPageGeneratingFilter@24b5863a, org.springframework.security.web.authentication.ui.DefaultLogoutPageGeneratingFilter@44173c2b, org.springframework.security.web.authentication.www.BasicAuthenticationFilter@7c4b7f2e, org.springframework.security.web.savedrequest.RequestCacheAwareFilter@6009e8ab, org.springframework.security.web.servletapi.SecurityContextHolderAwareRequestFilter@525230df, org.springframework.security.web.authentication.AnonymousAuthenticationFilter@63828988, org.springframework.security.web.access.ExceptionTranslationFilter@2d83ed58, org.springframework.security.web.access.intercept.AuthorizationFilter@29673fc0]
2025-05-13T22:42:54.194-05:00 DEBUG 92217 --- [           main] o.s.b.f.s.DefaultListableBeanFactory     : Creating shared instance of singleton bean 'delegatingApplicationListener'
2025-05-13T22:42:54.195-05:00 DEBUG 92217 --- [           main] o.s.b.f.s.DefaultListableBeanFactory     : Creating shared instance of singleton bean 'springSecurityFilterChain'
2025-05-13T22:42:54.196-05:00 DEBUG 92217 --- [           main] o.s.b.f.s.DefaultListableBeanFactory     : Creating shared instance of singleton bean 'webSecurityExpressionHandler'
2025-05-13T22:42:54.196-05:00 DEBUG 92217 --- [           main] o.s.b.f.s.DefaultListableBeanFactory     : Creating shared instance of singleton bean 'privilegeEvaluator'
2025-05-13T22:42:54.197-05:00 DEBUG 92217 --- [           main] o.s.b.f.s.DefaultListableBeanFactory     : Creating shared instance of singleton bean 'requestDataValueProcessor'
2025-05-13T22:42:54.198-05:00 DEBUG 92217 --- [           main] o.s.b.f.s.DefaultListableBeanFactory     : Creating shared instance of singleton bean 'org.springframework.boot.autoconfigure.security.servlet.SpringBootWebSecurityConfiguration'
2025-05-13T22:42:54.198-05:00 DEBUG 92217 --- [           main] o.s.b.f.s.DefaultListableBeanFactory     : Creating shared instance of singleton bean 'org.springframework.boot.autoconfigure.security.servlet.SecurityFilterAutoConfiguration'
2025-05-13T22:42:54.198-05:00 DEBUG 92217 --- [           main] o.s.b.f.s.DefaultListableBeanFactory     : Creating shared instance of singleton bean 'securityFilterChainRegistration'
2025-05-13T22:42:54.199-05:00 DEBUG 92217 --- [           main] o.s.b.f.s.DefaultListableBeanFactory     : Autowiring by type from bean name 'securityFilterChainRegistration' via factory method to bean named 'spring.security-org.springframework.boot.autoconfigure.security.SecurityProperties'
2025-05-13T22:42:54.200-05:00 DEBUG 92217 --- [           main] o.s.b.f.s.DefaultListableBeanFactory     : Creating shared instance of singleton bean 'org.springframework.boot.autoconfigure.thymeleaf.ThymeleafAutoConfiguration$ThymeleafWebMvcConfiguration'
2025-05-13T22:42:54.201-05:00 DEBUG 92217 --- [           main] o.s.b.f.s.DefaultListableBeanFactory     : Creating shared instance of singleton bean 'org.springframework.boot.autoconfigure.thymeleaf.ThymeleafAutoConfiguration'
2025-05-13T22:42:54.202-05:00 DEBUG 92217 --- [           main] o.s.b.f.s.DefaultListableBeanFactory     : Creating shared instance of singleton bean 'org.springframework.boot.autoconfigure.web.servlet.HttpEncodingAutoConfiguration'
2025-05-13T22:42:54.203-05:00 DEBUG 92217 --- [           main] o.s.b.f.s.DefaultListableBeanFactory     : Autowiring by type from bean name 'org.springframework.boot.autoconfigure.web.servlet.HttpEncodingAutoConfiguration' via constructor to bean named 'server-org.springframework.boot.autoconfigure.web.ServerProperties'
2025-05-13T22:42:54.203-05:00 DEBUG 92217 --- [           main] o.s.b.f.s.DefaultListableBeanFactory     : Creating shared instance of singleton bean 'characterEncodingFilter'
2025-05-13T22:42:54.204-05:00 DEBUG 92217 --- [           main] o.s.b.f.s.DefaultListableBeanFactory     : Creating shared instance of singleton bean 'localeCharsetMappingsCustomizer'
2025-05-13T22:42:54.204-05:00 DEBUG 92217 --- [           main] o.s.b.f.s.DefaultListableBeanFactory     : Creating shared instance of singleton bean 'mockMvcBuilder'
2025-05-13T22:42:54.205-05:00 DEBUG 92217 --- [           main] o.s.b.f.s.DefaultListableBeanFactory     : Creating shared instance of singleton bean 'springBootMockMvcBuilderCustomizer'
2025-05-13T22:42:54.207-05:00 DEBUG 92217 --- [           main] o.s.b.f.s.DefaultListableBeanFactory     : Creating shared instance of singleton bean 'securityMockMvcBuilderCustomizer'
2025-05-13T22:42:54.207-05:00 DEBUG 92217 --- [           main] o.s.b.f.s.DefaultListableBeanFactory     : Creating shared instance of singleton bean 'org.springframework.boot.test.autoconfigure.web.servlet.MockMvcSecurityConfiguration'
2025-05-13T22:42:54.207-05:00 DEBUG 92217 --- [           main] o.s.b.f.s.DefaultListableBeanFactory     : Autowiring by type from bean name 'mockMvcBuilder' via factory method to bean named 'springBootMockMvcBuilderCustomizer'
2025-05-13T22:42:54.208-05:00 DEBUG 92217 --- [           main] o.s.b.f.s.DefaultListableBeanFactory     : Autowiring by type from bean name 'mockMvcBuilder' via factory method to bean named 'securityMockMvcBuilderCustomizer'
2025-05-13T22:42:54.208-05:00 DEBUG 92217 --- [           main] o.s.b.w.s.ServletContextInitializerBeans : Mapping filters: springSecurityFilterChain urls=[/*] order=-100, characterEncodingFilter urls=[/*] order=-2147483648, formContentFilter urls=[/*] order=-9900, requestContextFilter urls=[/*] order=-105
2025-05-13T22:42:54.208-05:00 DEBUG 92217 --- [           main] o.s.b.w.s.ServletContextInitializerBeans : Mapping servlets: 
2025-05-13T22:42:54.209-05:00 DEBUG 92217 --- [           main] o.s.b.f.s.DefaultListableBeanFactory     : Creating shared instance of singleton bean 'mockMvc'
2025-05-13T22:42:54.209-05:00 DEBUG 92217 --- [           main] o.s.b.f.s.DefaultListableBeanFactory     : Autowiring by type from bean name 'mockMvc' via factory method to bean named 'mockMvcBuilder'
2025-05-13T22:42:54.210-05:00  INFO 92217 --- [           main] o.s.b.t.m.w.SpringBootMockServletContext : Initializing Spring TestDispatcherServlet ''
2025-05-13T22:42:54.210-05:00  INFO 92217 --- [           main] o.s.t.web.servlet.TestDispatcherServlet  : Initializing Servlet ''
2025-05-13T22:42:54.210-05:00 DEBUG 92217 --- [           main] o.s.t.web.servlet.TestDispatcherServlet  : Detected AcceptHeaderLocaleResolver
2025-05-13T22:42:54.210-05:00 DEBUG 92217 --- [           main] o.s.t.web.servlet.TestDispatcherServlet  : Detected FixedThemeResolver
2025-05-13T22:42:54.211-05:00 DEBUG 92217 --- [           main] o.s.t.web.servlet.TestDispatcherServlet  : Detected org.springframework.web.servlet.view.DefaultRequestToViewNameTranslator@ec0678
2025-05-13T22:42:54.211-05:00 DEBUG 92217 --- [           main] o.s.t.web.servlet.TestDispatcherServlet  : Detected org.springframework.web.servlet.support.SessionFlashMapManager@2e703a4c
2025-05-13T22:42:54.211-05:00 DEBUG 92217 --- [           main] o.s.t.web.servlet.TestDispatcherServlet  : enableLoggingRequestDetails='false': request parameters and headers will be masked to prevent unsafe logging of potentially sensitive data
2025-05-13T22:42:54.212-05:00  INFO 92217 --- [           main] o.s.t.web.servlet.TestDispatcherServlet  : Completed initialization in 1 ms
2025-05-13T22:42:54.213-05:00 DEBUG 92217 --- [           main] o.s.b.f.s.DefaultListableBeanFactory     : Creating shared instance of singleton bean 'dispatcherServlet'
2025-05-13T22:42:54.215-05:00 DEBUG 92217 --- [           main] o.s.b.f.s.DefaultListableBeanFactory     : Autowiring by type from bean name 'dispatcherServlet' via factory method to bean named 'mockMvc'
2025-05-13T22:42:54.228-05:00 DEBUG 92217 --- [           main] o.s.c.support.DefaultLifecycleProcessor  : Starting beans in phase -2147483647
2025-05-13T22:42:54.228-05:00 DEBUG 92217 --- [           main] o.s.c.support.DefaultLifecycleProcessor  : Successfully started bean 'springBootLoggingLifecycle'
2025-05-13T22:42:54.233-05:00 DEBUG 92217 --- [           main] .s.b.a.l.ConditionEvaluationReportLogger : 


============================
CONDITIONS EVALUATION REPORT
============================


Positive matches:
-----------------

   ErrorMvcAutoConfiguration matched:
      - @ConditionalOnClass found required classes 'jakarta.servlet.Servlet', 'org.springframework.web.servlet.DispatcherServlet' (OnClassCondition)
      - found 'session' scope (OnWebApplicationCondition)

   ErrorMvcAutoConfiguration#basicErrorController matched:
      - @ConditionalOnMissingBean (types: org.springframework.boot.web.servlet.error.ErrorController; SearchStrategy: current) did not find any beans (OnBeanCondition)

   ErrorMvcAutoConfiguration#errorAttributes matched:
      - @ConditionalOnMissingBean (types: org.springframework.boot.web.servlet.error.ErrorAttributes; SearchStrategy: current) did not find any beans (OnBeanCondition)

   HttpEncodingAutoConfiguration matched:
      - @ConditionalOnClass found required class 'org.springframework.web.filter.CharacterEncodingFilter' (OnClassCondition)
      - found 'session' scope (OnWebApplicationCondition)
      - @ConditionalOnProperty (server.servlet.encoding.enabled) matched (OnPropertyCondition)

   HttpEncodingAutoConfiguration#characterEncodingFilter matched:
      - @ConditionalOnMissingBean (types: org.springframework.web.filter.CharacterEncodingFilter; SearchStrategy: all) did not find any beans (OnBeanCondition)

   HttpMessageConvertersAutoConfiguration matched:
      - @ConditionalOnClass found required class 'org.springframework.http.converter.HttpMessageConverter' (OnClassCondition)
      - NoneNestedConditions 0 matched 1 did not; NestedCondition on HttpMessageConvertersAutoConfiguration.NotReactiveWebApplicationCondition.ReactiveWebApplication did not find reactive web application classes (HttpMessageConvertersAutoConfiguration.NotReactiveWebApplicationCondition)

   HttpMessageConvertersAutoConfiguration#messageConverters matched:
      - @ConditionalOnMissingBean (types: org.springframework.boot.autoconfigure.http.HttpMessageConverters; SearchStrategy: all) did not find any beans (OnBeanCondition)

   HttpMessageConvertersAutoConfiguration.StringHttpMessageConverterConfiguration matched:
      - @ConditionalOnClass found required class 'org.springframework.http.converter.StringHttpMessageConverter' (OnClassCondition)

   HttpMessageConvertersAutoConfiguration.StringHttpMessageConverterConfiguration#stringHttpMessageConverter matched:
      - @ConditionalOnMissingBean (types: org.springframework.http.converter.StringHttpMessageConverter; SearchStrategy: all) did not find any beans (OnBeanCondition)

   JacksonAutoConfiguration matched:
      - @ConditionalOnClass found required class 'com.fasterxml.jackson.databind.ObjectMapper' (OnClassCondition)

   JacksonAutoConfiguration.Jackson2ObjectMapperBuilderCustomizerConfiguration matched:
      - @ConditionalOnClass found required class 'org.springframework.http.converter.json.Jackson2ObjectMapperBuilder' (OnClassCondition)

   JacksonAutoConfiguration.JacksonObjectMapperBuilderConfiguration matched:
      - @ConditionalOnClass found required class 'org.springframework.http.converter.json.Jackson2ObjectMapperBuilder' (OnClassCondition)

   JacksonAutoConfiguration.JacksonObjectMapperBuilderConfiguration#jacksonObjectMapperBuilder matched:
      - @ConditionalOnMissingBean (types: org.springframework.http.converter.json.Jackson2ObjectMapperBuilder; SearchStrategy: all) did not find any beans (OnBeanCondition)

   JacksonAutoConfiguration.JacksonObjectMapperConfiguration matched:
      - @ConditionalOnClass found required class 'org.springframework.http.converter.json.Jackson2ObjectMapperBuilder' (OnClassCondition)

   JacksonAutoConfiguration.JacksonObjectMapperConfiguration#jacksonObjectMapper matched:
      - @ConditionalOnMissingBean (types: com.fasterxml.jackson.databind.ObjectMapper; SearchStrategy: all) did not find any beans (OnBeanCondition)

   JacksonAutoConfiguration.ParameterNamesModuleConfiguration matched:
      - @ConditionalOnClass found required class 'com.fasterxml.jackson.module.paramnames.ParameterNamesModule' (OnClassCondition)

   JacksonAutoConfiguration.ParameterNamesModuleConfiguration#parameterNamesModule matched:
      - @ConditionalOnMissingBean (types: com.fasterxml.jackson.module.paramnames.ParameterNamesModule; SearchStrategy: all) did not find any beans (OnBeanCondition)

   JacksonHttpMessageConvertersConfiguration.MappingJackson2HttpMessageConverterConfiguration matched:
      - @ConditionalOnClass found required class 'com.fasterxml.jackson.databind.ObjectMapper' (OnClassCondition)
      - @ConditionalOnProperty (spring.mvc.converters.preferred-json-mapper=jackson) matched (OnPropertyCondition)
      - @ConditionalOnBean (types: com.fasterxml.jackson.databind.ObjectMapper; SearchStrategy: all) found bean 'jacksonObjectMapper' (OnBeanCondition)

   JacksonHttpMessageConvertersConfiguration.MappingJackson2HttpMessageConverterConfiguration#mappingJackson2HttpMessageConverter matched:
      - @ConditionalOnMissingBean (types: org.springframework.http.converter.json.MappingJackson2HttpMessageConverter ignored: org.springframework.hateoas.server.mvc.TypeConstrainedMappingJackson2HttpMessageConverter,org.springframework.data.rest.webmvc.alps.AlpsJsonHttpMessageConverter; SearchStrategy: all) did not find any beans (OnBeanCondition)

   MockMvcAutoConfiguration matched:
      - found 'session' scope (OnWebApplicationCondition)

   MockMvcAutoConfiguration#dispatcherServlet matched:
      - @ConditionalOnMissingBean (types: org.springframework.web.servlet.DispatcherServlet; SearchStrategy: all) did not find any beans (OnBeanCondition)

   MockMvcAutoConfiguration#dispatcherServletPath matched:
      - @ConditionalOnMissingBean (types: org.springframework.boot.autoconfigure.web.servlet.DispatcherServletPath; SearchStrategy: all) did not find any beans (OnBeanCondition)

   MockMvcAutoConfiguration#mockMvc matched:
      - @ConditionalOnMissingBean (types: org.springframework.test.web.servlet.MockMvc; SearchStrategy: all) did not find any beans (OnBeanCondition)

   MockMvcAutoConfiguration#mockMvcBuilder matched:
      - @ConditionalOnMissingBean (types: org.springframework.test.web.servlet.MockMvcBuilder; SearchStrategy: all) did not find any beans (OnBeanCondition)

   MockMvcSecurityConfiguration matched:
      - @ConditionalOnClass found required class 'org.springframework.security.test.web.servlet.request.SecurityMockMvcRequestPostProcessors' (OnClassCondition)

   MockMvcSecurityConfiguration#securityMockMvcBuilderCustomizer matched:
      - @ConditionalOnBean (names: springSecurityFilterChain; SearchStrategy: all) found bean 'springSecurityFilterChain' (OnBeanCondition)

   NoOpCacheConfiguration matched:
      - Cache org.springframework.boot.autoconfigure.cache.NoOpCacheConfiguration NONE cache type (CacheCondition)

   SecurityAutoConfiguration matched:
      - @ConditionalOnClass found required class 'org.springframework.security.authentication.DefaultAuthenticationEventPublisher' (OnClassCondition)

   SecurityAutoConfiguration#authenticationEventPublisher matched:
      - @ConditionalOnMissingBean (types: org.springframework.security.authentication.AuthenticationEventPublisher; SearchStrategy: all) did not find any beans (OnBeanCondition)

   SecurityFilterAutoConfiguration matched:
      - @ConditionalOnClass found required classes 'org.springframework.security.web.context.AbstractSecurityWebApplicationInitializer', 'org.springframework.security.config.http.SessionCreationPolicy' (OnClassCondition)
      - found 'session' scope (OnWebApplicationCondition)

   SecurityFilterAutoConfiguration#securityFilterChainRegistration matched:
      - @ConditionalOnBean (names: springSecurityFilterChain; SearchStrategy: all) found bean 'springSecurityFilterChain' (OnBeanCondition)

   SpringBootWebSecurityConfiguration matched:
      - found 'session' scope (OnWebApplicationCondition)

   SpringBootWebSecurityConfiguration.SecurityFilterChainConfiguration matched:
      - AllNestedConditions 2 matched 0 did not; NestedCondition on DefaultWebSecurityCondition.Beans @ConditionalOnMissingBean (types: org.springframework.security.web.SecurityFilterChain; SearchStrategy: all) did not find any beans; NestedCondition on DefaultWebSecurityCondition.Classes @ConditionalOnClass found required classes 'org.springframework.security.web.SecurityFilterChain', 'org.springframework.security.config.annotation.web.builders.HttpSecurity' (DefaultWebSecurityCondition)

   SpringBootWebSecurityConfiguration.WebSecurityEnablerConfiguration matched:
      - @ConditionalOnClass found required class 'org.springframework.security.config.annotation.web.configuration.EnableWebSecurity' (OnClassCondition)
      - @ConditionalOnMissingBean (names: springSecurityFilterChain; SearchStrategy: all) did not find any beans (OnBeanCondition)

   SpringDataWebAutoConfiguration matched:
      - @ConditionalOnClass found required classes 'org.springframework.data.web.PageableHandlerMethodArgumentResolver', 'org.springframework.web.servlet.config.annotation.WebMvcConfigurer' (OnClassCondition)
      - found 'session' scope (OnWebApplicationCondition)
      - @ConditionalOnMissingBean (types: org.springframework.data.web.PageableHandlerMethodArgumentResolver; SearchStrategy: all) did not find any beans (OnBeanCondition)

   SpringDataWebAutoConfiguration#pageableCustomizer matched:
      - @ConditionalOnMissingBean (types: org.springframework.data.web.config.PageableHandlerMethodArgumentResolverCustomizer; SearchStrategy: all) did not find any beans (OnBeanCondition)

   SpringDataWebAutoConfiguration#sortCustomizer matched:
      - @ConditionalOnMissingBean (types: org.springframework.data.web.config.SortHandlerMethodArgumentResolverCustomizer; SearchStrategy: all) did not find any beans (OnBeanCondition)

   TaskExecutionAutoConfiguration matched:
      - @ConditionalOnClass found required class 'org.springframework.scheduling.concurrent.ThreadPoolTaskExecutor' (OnClassCondition)

   TaskExecutionAutoConfiguration#applicationTaskExecutor matched:
      - @ConditionalOnMissingBean (types: java.util.concurrent.Executor; SearchStrategy: all) did not find any beans (OnBeanCondition)

   TaskExecutionAutoConfiguration#taskExecutorBuilder matched:
      - @ConditionalOnMissingBean (types: org.springframework.boot.task.TaskExecutorBuilder; SearchStrategy: all) did not find any beans (OnBeanCondition)

   TemplateEngineConfigurations.DefaultTemplateEngineConfiguration#templateEngine matched:
      - @ConditionalOnMissingBean (types: org.thymeleaf.spring6.ISpringTemplateEngine; SearchStrategy: all) did not find any beans (OnBeanCondition)

   ThymeleafAutoConfiguration matched:
      - @ConditionalOnClass found required classes 'org.thymeleaf.templatemode.TemplateMode', 'org.thymeleaf.spring6.SpringTemplateEngine' (OnClassCondition)

   ThymeleafAutoConfiguration.DefaultTemplateResolverConfiguration matched:
      - @ConditionalOnMissingBean (names: defaultTemplateResolver; SearchStrategy: all) did not find any beans (OnBeanCondition)

   ThymeleafAutoConfiguration.ThymeleafWebMvcConfiguration matched:
      - found 'session' scope (OnWebApplicationCondition)
      - @ConditionalOnProperty (spring.thymeleaf.enabled) matched (OnPropertyCondition)

   ThymeleafAutoConfiguration.ThymeleafWebMvcConfiguration.ThymeleafViewResolverConfiguration#thymeleafViewResolver matched:
      - @ConditionalOnMissingBean (names: thymeleafViewResolver; SearchStrategy: all) did not find any beans (OnBeanCondition)

   UserDetailsServiceAutoConfiguration matched:
      - @ConditionalOnClass found required class 'org.springframework.security.authentication.AuthenticationManager' (OnClassCondition)
      - @ConditionalOnBean (types: org.springframework.security.config.annotation.ObjectPostProcessor; SearchStrategy: all) found bean 'objectPostProcessor'; @ConditionalOnMissingBean (types: org.springframework.security.authentication.AuthenticationManager,org.springframework.security.authentication.AuthenticationProvider,org.springframework.security.core.userdetails.UserDetailsService,org.springframework.security.authentication.AuthenticationManagerResolver,org.springframework.security.oauth2.jwt.JwtDecoder,org.springframework.security.oauth2.server.resource.introspection.OpaqueTokenIntrospector,org.springframework.security.oauth2.client.registration.ClientRegistrationRepository,org.springframework.security.saml2.provider.service.registration.RelyingPartyRegistrationRepository; SearchStrategy: all) did not find any beans (OnBeanCondition)

   ValidationAutoConfiguration matched:
      - @ConditionalOnClass found required class 'jakarta.validation.executable.ExecutableValidator' (OnClassCondition)
      - @ConditionalOnResource found location classpath:META-INF/services/jakarta.validation.spi.ValidationProvider (OnResourceCondition)

   ValidationAutoConfiguration#defaultValidator matched:
      - @ConditionalOnMissingBean (types: jakarta.validation.Validator; SearchStrategy: all) did not find any beans (OnBeanCondition)

   ValidationAutoConfiguration#methodValidationPostProcessor matched:
      - @ConditionalOnMissingBean (types: org.springframework.validation.beanvalidation.MethodValidationPostProcessor; SearchStrategy: current) did not find any beans (OnBeanCondition)

   WebMvcAutoConfiguration matched:
      - @ConditionalOnClass found required classes 'jakarta.servlet.Servlet', 'org.springframework.web.servlet.DispatcherServlet', 'org.springframework.web.servlet.config.annotation.WebMvcConfigurer' (OnClassCondition)
      - found 'session' scope (OnWebApplicationCondition)
      - @ConditionalOnMissingBean (types: org.springframework.web.servlet.config.annotation.WebMvcConfigurationSupport; SearchStrategy: all) did not find any beans (OnBeanCondition)

   WebMvcAutoConfiguration#formContentFilter matched:
      - @ConditionalOnProperty (spring.mvc.formcontent.filter.enabled) matched (OnPropertyCondition)
      - @ConditionalOnMissingBean (types: org.springframework.web.filter.FormContentFilter; SearchStrategy: all) did not find any beans (OnBeanCondition)

   WebMvcAutoConfiguration.EnableWebMvcConfiguration#flashMapManager matched:
      - @ConditionalOnMissingBean (names: flashMapManager; SearchStrategy: all) did not find any beans (OnBeanCondition)

   WebMvcAutoConfiguration.EnableWebMvcConfiguration#localeResolver matched:
      - @ConditionalOnMissingBean (names: localeResolver; SearchStrategy: all) did not find any beans (OnBeanCondition)

   WebMvcAutoConfiguration.EnableWebMvcConfiguration#themeResolver matched:
      - @ConditionalOnMissingBean (names: themeResolver; SearchStrategy: all) did not find any beans (OnBeanCondition)

   WebMvcAutoConfiguration.WebMvcAutoConfigurationAdapter#defaultViewResolver matched:
      - @ConditionalOnMissingBean (types: org.springframework.web.servlet.view.InternalResourceViewResolver; SearchStrategy: all) did not find any beans (OnBeanCondition)

   WebMvcAutoConfiguration.WebMvcAutoConfigurationAdapter#requestContextFilter matched:
      - @ConditionalOnMissingBean (types: org.springframework.web.context.request.RequestContextListener,org.springframework.web.filter.RequestContextFilter; SearchStrategy: all) did not find any beans (OnBeanCondition)

   WebMvcAutoConfiguration.WebMvcAutoConfigurationAdapter#viewResolver matched:
      - @ConditionalOnBean (types: org.springframework.web.servlet.ViewResolver; SearchStrategy: all) found beans 'defaultViewResolver', 'mvcViewResolver'; @ConditionalOnMissingBean (names: viewResolver types: org.springframework.web.servlet.view.ContentNegotiatingViewResolver; SearchStrategy: all) did not find any beans (OnBeanCondition)


Negative matches:
-----------------

   Cache2kCacheConfiguration:
      Did not match:
         - @ConditionalOnClass did not find required class 'org.cache2k.Cache2kBuilder' (OnClassCondition)

   CacheAutoConfiguration:
      Did not match:
         - @ConditionalOnBean (types: org.springframework.cache.interceptor.CacheAspectSupport; SearchStrategy: all) did not find any beans of type org.springframework.cache.interceptor.CacheAspectSupport (OnBeanCondition)
      Matched:
         - @ConditionalOnClass found required class 'org.springframework.cache.CacheManager' (OnClassCondition)

   CacheAutoConfiguration.CacheManagerEntityManagerFactoryDependsOnPostProcessor:
      Did not match:
         - Ancestor org.springframework.boot.autoconfigure.cache.CacheAutoConfiguration did not match (ConditionEvaluationReport.AncestorsMatchedCondition)
      Matched:
         - @ConditionalOnClass found required class 'org.springframework.orm.jpa.LocalContainerEntityManagerFactoryBean' (OnClassCondition)

   CaffeineCacheConfiguration:
      Did not match:
         - @ConditionalOnClass did not find required class 'com.github.benmanes.caffeine.cache.Caffeine' (OnClassCondition)

   CouchbaseCacheConfiguration:
      Did not match:
         - @ConditionalOnClass did not find required class 'com.couchbase.client.java.Cluster' (OnClassCondition)

   ErrorMvcAutoConfiguration.DefaultErrorViewResolverConfiguration#conventionErrorViewResolver:
      Did not match:
         - @ConditionalOnBean (types: org.springframework.web.servlet.DispatcherServlet; SearchStrategy: all) did not find any beans of type org.springframework.web.servlet.DispatcherServlet (OnBeanCondition)

   ErrorMvcAutoConfiguration.WhitelabelErrorViewConfiguration:
      Did not match:
         - ErrorTemplate Missing found template from org.springframework.boot.autoconfigure.thymeleaf.ThymeleafTemplateAvailabilityProvider@3701df72 (ErrorMvcAutoConfiguration.ErrorTemplateMissingCondition)
      Matched:
         - @ConditionalOnProperty (server.error.whitelabel.enabled) matched (OnPropertyCondition)

   FreeMarkerAutoConfiguration:
      Did not match:
         - @ConditionalOnClass did not find required class 'freemarker.template.Configuration' (OnClassCondition)

   GenericCacheConfiguration:
      Did not match:
         - Cache org.springframework.boot.autoconfigure.cache.GenericCacheConfiguration unknown cache type (CacheCondition)

   GroovyTemplateAutoConfiguration:
      Did not match:
         - @ConditionalOnClass did not find required class 'groovy.text.markup.MarkupTemplateEngine' (OnClassCondition)

   GsonAutoConfiguration:
      Did not match:
         - @ConditionalOnClass did not find required class 'com.google.gson.Gson' (OnClassCondition)

   GsonHttpMessageConvertersConfiguration:
      Did not match:
         - @ConditionalOnClass did not find required class 'com.google.gson.Gson' (OnClassCondition)

   HazelcastCacheConfiguration:
      Did not match:
         - @ConditionalOnClass did not find required class 'com.hazelcast.core.HazelcastInstance' (OnClassCondition)

   HypermediaAutoConfiguration:
      Did not match:
         - @ConditionalOnClass did not find required class 'org.springframework.hateoas.EntityModel' (OnClassCondition)

   InfinispanCacheConfiguration:
      Did not match:
         - @ConditionalOnClass did not find required class 'org.infinispan.spring.embedded.provider.SpringEmbeddedCacheManager' (OnClassCondition)

   JCacheCacheConfiguration:
      Did not match:
         - @ConditionalOnClass did not find required class 'javax.cache.Caching' (OnClassCondition)

   JacksonHttpMessageConvertersConfiguration.MappingJackson2XmlHttpMessageConverterConfiguration:
      Did not match:
         - @ConditionalOnClass did not find required class 'com.fasterxml.jackson.dataformat.xml.XmlMapper' (OnClassCondition)

   JsonbAutoConfiguration:
      Did not match:
         - @ConditionalOnClass did not find required class 'jakarta.json.bind.Jsonb' (OnClassCondition)

   JsonbHttpMessageConvertersConfiguration:
      Did not match:
         - @ConditionalOnClass did not find required class 'jakarta.json.bind.Jsonb' (OnClassCondition)

   MessageSourceAutoConfiguration:
      Did not match:
         - ResourceBundle did not find bundle with basename messages (MessageSourceAutoConfiguration.ResourceBundleCondition)

   MockMvcAutoConfiguration.WebTestClientMockMvcConfiguration:
      Did not match:
         - @ConditionalOnClass did not find required class 'org.springframework.web.reactive.function.client.WebClient' (OnClassCondition)

   MockMvcWebClientAutoConfiguration:
      Did not match:
         - @ConditionalOnClass did not find required class 'com.gargoylesoftware.htmlunit.WebClient' (OnClassCondition)

   MockMvcWebDriverAutoConfiguration:
      Did not match:
         - @ConditionalOnClass did not find required class 'org.openqa.selenium.htmlunit.HtmlUnitDriver' (OnClassCondition)

   MustacheAutoConfiguration:
      Did not match:
         - @ConditionalOnClass did not find required class 'com.samskivert.mustache.Mustache' (OnClassCondition)

   OAuth2ClientAutoConfiguration:
      Did not match:
         - @ConditionalOnClass did not find required class 'org.springframework.security.oauth2.client.registration.ClientRegistration' (OnClassCondition)

   OAuth2ResourceServerAutoConfiguration:
      Did not match:
         - @ConditionalOnClass did not find required class 'org.springframework.security.oauth2.server.resource.authentication.BearerTokenAuthenticationToken' (OnClassCondition)

   RedisCacheConfiguration:
      Did not match:
         - @ConditionalOnClass did not find required class 'org.springframework.data.redis.connection.RedisConnectionFactory' (OnClassCondition)

   SecurityDataConfiguration:
      Did not match:
         - @ConditionalOnClass did not find required class 'org.springframework.security.data.repository.query.SecurityEvaluationContextExtension' (OnClassCondition)

   SimpleCacheConfiguration:
      Did not match:
         - Cache org.springframework.boot.autoconfigure.cache.SimpleCacheConfiguration unknown cache type (CacheCondition)

   TemplateEngineConfigurations.ReactiveTemplateEngineConfiguration:
      Did not match:
         - did not find reactive web application classes (OnWebApplicationCondition)

   ThymeleafAutoConfiguration.DataAttributeDialectConfiguration:
      Did not match:
         - @ConditionalOnClass did not find required class 'com.github.mxab.thymeleaf.extras.dataattribute.dialect.DataAttributeDialect' (OnClassCondition)

   ThymeleafAutoConfiguration.ThymeleafSecurityDialectConfiguration:
      Did not match:
         - @ConditionalOnClass did not find required class 'org.thymeleaf.extras.springsecurity6.dialect.SpringSecurityDialect' (OnClassCondition)

   ThymeleafAutoConfiguration.ThymeleafWebFluxConfiguration:
      Did not match:
         - did not find reactive web application classes (OnWebApplicationCondition)

   ThymeleafAutoConfiguration.ThymeleafWebLayoutConfiguration:
      Did not match:
         - @ConditionalOnClass did not find required class 'nz.net.ultraq.thymeleaf.layoutdialect.LayoutDialect' (OnClassCondition)

   ThymeleafAutoConfiguration.ThymeleafWebMvcConfiguration#resourceUrlEncodingFilter:
      Did not match:
         - @ConditionalOnEnabledResourceChain did not find class org.webjars.WebJarAssetLocator (OnEnabledResourceChainCondition)

   WebMvcAutoConfiguration#hiddenHttpMethodFilter:
      Did not match:
         - @ConditionalOnProperty (spring.mvc.hiddenmethod.filter.enabled) did not find property 'enabled' (OnPropertyCondition)

   WebMvcAutoConfiguration.ProblemDetailsErrorHandlingConfiguration:
      Did not match:
         - @ConditionalOnProperty (spring.mvc.problemdetails.enabled=true) did not find property 'enabled' (OnPropertyCondition)

   WebMvcAutoConfiguration.ResourceChainCustomizerConfiguration:
      Did not match:
         - @ConditionalOnEnabledResourceChain did not find class org.webjars.WebJarAssetLocator (OnEnabledResourceChainCondition)

   WebMvcAutoConfiguration.WebMvcAutoConfigurationAdapter#beanNameViewResolver:
      Did not match:
         - @ConditionalOnBean (types: org.springframework.web.servlet.View; SearchStrategy: all) did not find any beans of type org.springframework.web.servlet.View (OnBeanCondition)

   WebTestClientAutoConfiguration:
      Did not match:
         - @ConditionalOnClass did not find required class 'org.springframework.web.reactive.function.client.WebClient' (OnClassCondition)


Exclusions:
-----------

    None


Unconditional classes:
----------------------

    None



2025-05-13T22:42:54.238-05:00  INFO 92217 --- [           main] c.s.controller.AdminControllerTest       : Started AdminControllerTest in 0.477 seconds (process running for 28.398)
2025-05-13T22:42:54.242-05:00 DEBUG 92217 --- [           main] org.springframework.test.context.cache   : Spring test ApplicationContext cache statistics: [DefaultContextCache@2d28114b size = 4, maxSize = 32, parentContextCount = 0, hitCount = 220, missCount = 4]
2025-05-13T22:42:54.244-05:00 DEBUG 92217 --- [           main] DependencyInjectionTestExecutionListener : Performing dependency injection for test class com.schedule.controller.AdminControllerTest
2025-05-13T22:42:54.244-05:00 DEBUG 92217 --- [           main] org.springframework.test.context.cache   : Spring test ApplicationContext cache statistics: [DefaultContextCache@2d28114b size = 4, maxSize = 32, parentContextCount = 0, hitCount = 221, missCount = 4]
2025-05-13T22:42:54.248-05:00 DEBUG 92217 --- [           main] org.springframework.test.context.cache   : Spring test ApplicationContext cache statistics: [DefaultContextCache@2d28114b size = 4, maxSize = 32, parentContextCount = 0, hitCount = 222, missCount = 4]
2025-05-13T22:42:54.252-05:00 DEBUG 92217 --- [           main] sContextBeforeModesTestExecutionListener : Before test method: class [AdminControllerTest], method [testTerminateUser], class annotated with @DirtiesContext [false] with mode [null], method annotated with @DirtiesContext [false] with mode [null]
2025-05-13T22:42:54.256-05:00 DEBUG 92217 --- [           main] org.springframework.test.context.cache   : Spring test ApplicationContext cache statistics: [DefaultContextCache@2d28114b size = 4, maxSize = 32, parentContextCount = 0, hitCount = 223, missCount = 4]
2025-05-13T22:42:54.257-05:00 DEBUG 92217 --- [           main] org.springframework.test.context.cache   : Spring test ApplicationContext cache statistics: [DefaultContextCache@2d28114b size = 4, maxSize = 32, parentContextCount = 0, hitCount = 224, missCount = 4]
2025-05-13T22:42:54.258-05:00 DEBUG 92217 --- [           main] org.springframework.test.context.cache   : Spring test ApplicationContext cache statistics: [DefaultContextCache@2d28114b size = 4, maxSize = 32, parentContextCount = 0, hitCount = 225, missCount = 4]
2025-05-13T22:42:54.261-05:00 DEBUG 92217 --- [           main] o.s.test.util.ReflectionTestUtils        : Invoking method 'getFilters' on target object [FilterChainProxy[Filter Chains: [DefaultSecurityFilterChain [RequestMatcher=any request, Filters=[org.springframework.security.web.session.DisableEncodeUrlFilter@60b16a5b, org.springframework.security.web.context.request.async.WebAsyncManagerIntegrationFilter@6bb4568, org.springframework.security.web.context.SecurityContextHolderFilter@51293850, org.springframework.security.web.header.HeaderWriterFilter@1f7d3d82, org.springframework.security.web.csrf.CsrfFilter@7e89f305, org.springframework.security.web.authentication.logout.LogoutFilter@52f85a6c, org.springframework.security.web.authentication.UsernamePasswordAuthenticationFilter@6906e2e, org.springframework.security.web.authentication.ui.DefaultLoginPageGeneratingFilter@24b5863a, org.springframework.security.web.authentication.ui.DefaultLogoutPageGeneratingFilter@44173c2b, org.springframework.security.web.authentication.www.BasicAuthenticationFilter@7c4b7f2e, org.springframework.security.web.savedrequest.RequestCacheAwareFilter@6009e8ab, org.springframework.security.web.servletapi.SecurityContextHolderAwareRequestFilter@525230df, org.springframework.security.web.authentication.AnonymousAuthenticationFilter@63828988, org.springframework.security.web.access.ExceptionTranslationFilter@2d83ed58, org.springframework.security.web.access.intercept.AuthorizationFilter@29673fc0]]]]] or target class [null] with arguments {org.springframework.mock.web.MockHttpServletRequest@39b12cf3}
2025-05-13T22:42:54.261-05:00 DEBUG 92217 --- [           main] o.s.test.util.ReflectionTestUtils        : Getting field 'tokenRepository' from target object [org.springframework.security.web.csrf.CsrfFilter@7e89f305] or target class [class org.springframework.security.web.csrf.CsrfFilter]
2025-05-13T22:42:54.262-05:00 DEBUG 92217 --- [           main] o.s.test.util.ReflectionTestUtils        : Invoking method 'getFilters' on target object [FilterChainProxy[Filter Chains: [DefaultSecurityFilterChain [RequestMatcher=any request, Filters=[org.springframework.security.web.session.DisableEncodeUrlFilter@60b16a5b, org.springframework.security.web.context.request.async.WebAsyncManagerIntegrationFilter@6bb4568, org.springframework.security.web.context.SecurityContextHolderFilter@51293850, org.springframework.security.web.header.HeaderWriterFilter@1f7d3d82, org.springframework.security.web.csrf.CsrfFilter@7e89f305, org.springframework.security.web.authentication.logout.LogoutFilter@52f85a6c, org.springframework.security.web.authentication.UsernamePasswordAuthenticationFilter@6906e2e, org.springframework.security.web.authentication.ui.DefaultLoginPageGeneratingFilter@24b5863a, org.springframework.security.web.authentication.ui.DefaultLogoutPageGeneratingFilter@44173c2b, org.springframework.security.web.authentication.www.BasicAuthenticationFilter@7c4b7f2e, org.springframework.security.web.savedrequest.RequestCacheAwareFilter@6009e8ab, org.springframework.security.web.servletapi.SecurityContextHolderAwareRequestFilter@525230df, org.springframework.security.web.authentication.AnonymousAuthenticationFilter@63828988, org.springframework.security.web.access.ExceptionTranslationFilter@2d83ed58, org.springframework.security.web.access.intercept.AuthorizationFilter@29673fc0]]]]] or target class [null] with arguments {org.springframework.mock.web.MockHttpServletRequest@39b12cf3}
2025-05-13T22:42:54.265-05:00 DEBUG 92217 --- [           main] o.s.test.util.ReflectionTestUtils        : Getting field 'requestHandler' from target object [org.springframework.security.web.csrf.CsrfFilter@7e89f305] or target class [class org.springframework.security.web.csrf.CsrfFilter]
2025-05-13T22:42:54.265-05:00 DEBUG 92217 --- [           main] o.s.test.util.ReflectionTestUtils        : Invoking method 'getFilters' on target object [FilterChainProxy[Filter Chains: [DefaultSecurityFilterChain [RequestMatcher=any request, Filters=[org.springframework.security.web.session.DisableEncodeUrlFilter@60b16a5b, org.springframework.security.web.context.request.async.WebAsyncManagerIntegrationFilter@6bb4568, org.springframework.security.web.context.SecurityContextHolderFilter@51293850, org.springframework.security.web.header.HeaderWriterFilter@1f7d3d82, org.springframework.security.web.csrf.CsrfFilter@7e89f305, org.springframework.security.web.authentication.logout.LogoutFilter@52f85a6c, org.springframework.security.web.authentication.UsernamePasswordAuthenticationFilter@6906e2e, org.springframework.security.web.authentication.ui.DefaultLoginPageGeneratingFilter@24b5863a, org.springframework.security.web.authentication.ui.DefaultLogoutPageGeneratingFilter@44173c2b, org.springframework.security.web.authentication.www.BasicAuthenticationFilter@7c4b7f2e, org.springframework.security.web.savedrequest.RequestCacheAwareFilter@6009e8ab, org.springframework.security.web.servletapi.SecurityContextHolderAwareRequestFilter@525230df, org.springframework.security.web.authentication.AnonymousAuthenticationFilter@63828988, org.springframework.security.web.access.ExceptionTranslationFilter@2d83ed58, org.springframework.security.web.access.intercept.AuthorizationFilter@29673fc0]]]]] or target class [null] with arguments {org.springframework.mock.web.MockHttpServletRequest@39b12cf3}
2025-05-13T22:42:54.266-05:00 DEBUG 92217 --- [           main] o.s.test.util.ReflectionTestUtils        : Setting field 'tokenRepository' of type [null] on target object [org.springframework.security.web.csrf.CsrfFilter@7e89f305] or target class [class org.springframework.security.web.csrf.CsrfFilter] to value [org.springframework.security.test.web.servlet.request.SecurityMockMvcRequestPostProcessors$CsrfRequestPostProcessor$TestCsrfTokenRepository@107faa4e]
2025-05-13T22:42:54.266-05:00 DEBUG 92217 --- [           main] o.s.test.util.ReflectionTestUtils        : Invoking method 'getFilters' on target object [FilterChainProxy[Filter Chains: [DefaultSecurityFilterChain [RequestMatcher=any request, Filters=[org.springframework.security.web.session.DisableEncodeUrlFilter@60b16a5b, org.springframework.security.web.context.request.async.WebAsyncManagerIntegrationFilter@6bb4568, org.springframework.security.web.context.SecurityContextHolderFilter@51293850, org.springframework.security.web.header.HeaderWriterFilter@1f7d3d82, org.springframework.security.web.csrf.CsrfFilter@7e89f305, org.springframework.security.web.authentication.logout.LogoutFilter@52f85a6c, org.springframework.security.web.authentication.UsernamePasswordAuthenticationFilter@6906e2e, org.springframework.security.web.authentication.ui.DefaultLoginPageGeneratingFilter@24b5863a, org.springframework.security.web.authentication.ui.DefaultLogoutPageGeneratingFilter@44173c2b, org.springframework.security.web.authentication.www.BasicAuthenticationFilter@7c4b7f2e, org.springframework.security.web.savedrequest.RequestCacheAwareFilter@6009e8ab, org.springframework.security.web.servletapi.SecurityContextHolderAwareRequestFilter@525230df, org.springframework.security.web.authentication.AnonymousAuthenticationFilter@63828988, org.springframework.security.web.access.ExceptionTranslationFilter@2d83ed58, org.springframework.security.web.access.intercept.AuthorizationFilter@29673fc0]]]]] or target class [null] with arguments {org.springframework.mock.web.MockHttpServletRequest@39b12cf3}
2025-05-13T22:42:54.267-05:00 DEBUG 92217 --- [           main] o.s.test.util.ReflectionTestUtils        : Invoking method 'getFilters' on target object [FilterChainProxy[Filter Chains: [DefaultSecurityFilterChain [RequestMatcher=any request, Filters=[org.springframework.security.web.session.DisableEncodeUrlFilter@60b16a5b, org.springframework.security.web.context.request.async.WebAsyncManagerIntegrationFilter@6bb4568, org.springframework.security.web.context.SecurityContextHolderFilter@51293850, org.springframework.security.web.header.HeaderWriterFilter@1f7d3d82, org.springframework.security.web.csrf.CsrfFilter@7e89f305, org.springframework.security.web.authentication.logout.LogoutFilter@52f85a6c, org.springframework.security.web.authentication.UsernamePasswordAuthenticationFilter@6906e2e, org.springframework.security.web.authentication.ui.DefaultLoginPageGeneratingFilter@24b5863a, org.springframework.security.web.authentication.ui.DefaultLogoutPageGeneratingFilter@44173c2b, org.springframework.security.web.authentication.www.BasicAuthenticationFilter@7c4b7f2e, org.springframework.security.web.savedrequest.RequestCacheAwareFilter@6009e8ab, org.springframework.security.web.servletapi.SecurityContextHolderAwareRequestFilter@525230df, org.springframework.security.web.authentication.AnonymousAuthenticationFilter@63828988, org.springframework.security.web.access.ExceptionTranslationFilter@2d83ed58, org.springframework.security.web.access.intercept.AuthorizationFilter@29673fc0]]]]] or target class [null] with arguments {org.springframework.mock.web.MockHttpServletRequest@39b12cf3}
2025-05-13T22:42:54.267-05:00 DEBUG 92217 --- [           main] o.s.test.util.ReflectionTestUtils        : Getting field 'securityContextRepository' from target object [org.springframework.security.web.context.SecurityContextHolderFilter@51293850] or target class [class org.springframework.security.web.context.SecurityContextHolderFilter]
2025-05-13T22:42:54.268-05:00 DEBUG 92217 --- [           main] o.s.test.util.ReflectionTestUtils        : Invoking method 'getFilters' on target object [FilterChainProxy[Filter Chains: [DefaultSecurityFilterChain [RequestMatcher=any request, Filters=[org.springframework.security.web.session.DisableEncodeUrlFilter@60b16a5b, org.springframework.security.web.context.request.async.WebAsyncManagerIntegrationFilter@6bb4568, org.springframework.security.web.context.SecurityContextHolderFilter@51293850, org.springframework.security.web.header.HeaderWriterFilter@1f7d3d82, org.springframework.security.web.csrf.CsrfFilter@7e89f305, org.springframework.security.web.authentication.logout.LogoutFilter@52f85a6c, org.springframework.security.web.authentication.UsernamePasswordAuthenticationFilter@6906e2e, org.springframework.security.web.authentication.ui.DefaultLoginPageGeneratingFilter@24b5863a, org.springframework.security.web.authentication.ui.DefaultLogoutPageGeneratingFilter@44173c2b, org.springframework.security.web.authentication.www.BasicAuthenticationFilter@7c4b7f2e, org.springframework.security.web.savedrequest.RequestCacheAwareFilter@6009e8ab, org.springframework.security.web.servletapi.SecurityContextHolderAwareRequestFilter@525230df, org.springframework.security.web.authentication.AnonymousAuthenticationFilter@63828988, org.springframework.security.web.access.ExceptionTranslationFilter@2d83ed58, org.springframework.security.web.access.intercept.AuthorizationFilter@29673fc0]]]]] or target class [null] with arguments {org.springframework.mock.web.MockHttpServletRequest@39b12cf3}
2025-05-13T22:42:54.272-05:00 DEBUG 92217 --- [           main] o.s.test.util.ReflectionTestUtils        : Invoking method 'getFilters' on target object [FilterChainProxy[Filter Chains: [DefaultSecurityFilterChain [RequestMatcher=any request, Filters=[org.springframework.security.web.session.DisableEncodeUrlFilter@60b16a5b, org.springframework.security.web.context.request.async.WebAsyncManagerIntegrationFilter@6bb4568, org.springframework.security.web.context.SecurityContextHolderFilter@51293850, org.springframework.security.web.header.HeaderWriterFilter@1f7d3d82, org.springframework.security.web.csrf.CsrfFilter@7e89f305, org.springframework.security.web.authentication.logout.LogoutFilter@52f85a6c, org.springframework.security.web.authentication.UsernamePasswordAuthenticationFilter@6906e2e, org.springframework.security.web.authentication.ui.DefaultLoginPageGeneratingFilter@24b5863a, org.springframework.security.web.authentication.ui.DefaultLogoutPageGeneratingFilter@44173c2b, org.springframework.security.web.authentication.www.BasicAuthenticationFilter@7c4b7f2e, org.springframework.security.web.savedrequest.RequestCacheAwareFilter@6009e8ab, org.springframework.security.web.servletapi.SecurityContextHolderAwareRequestFilter@525230df, org.springframework.security.web.authentication.AnonymousAuthenticationFilter@63828988, org.springframework.security.web.access.ExceptionTranslationFilter@2d83ed58, org.springframework.security.web.access.intercept.AuthorizationFilter@29673fc0]]]]] or target class [null] with arguments {org.springframework.mock.web.MockHttpServletRequest@39b12cf3}
2025-05-13T22:42:54.272-05:00 DEBUG 92217 --- [           main] o.s.test.util.ReflectionTestUtils        : Setting field 'securityContextRepository' of type [null] on target object [org.springframework.security.web.context.SecurityContextHolderFilter@51293850] or target class [class org.springframework.security.web.context.SecurityContextHolderFilter] to value [org.springframework.security.test.web.servlet.request.SecurityMockMvcRequestPostProcessors$SecurityContextRequestPostProcessorSupport$TestSecurityContextRepository@1b212e5f]
2025-05-13T22:42:54.272-05:00 DEBUG 92217 --- [           main] w.c.HttpSessionSecurityContextRepository : Created HttpSession as SecurityContext is non-default
2025-05-13T22:42:54.273-05:00 DEBUG 92217 --- [           main] w.c.HttpSessionSecurityContextRepository : Stored SecurityContextImpl [Authentication=UsernamePasswordAuthenticationToken [Principal=org.springframework.security.core.userdetails.User [Username=john.doe@testmail.com, Password=[PROTECTED], Enabled=true, AccountNonExpired=true, credentialsNonExpired=true, AccountNonLocked=true, Granted Authorities=[ROLE_ADMIN]], Credentials=[PROTECTED], Authenticated=true, Details=null, Granted Authorities=[ROLE_ADMIN]]] to HttpSession [org.springframework.mock.web.MockHttpSession@6e02fcd8]
2025-05-13T22:42:54.274-05:00 DEBUG 92217 --- [           main] o.s.security.web.FilterChainProxy        : Securing POST /admin/terminate-user
2025-05-13T22:42:54.276-05:00 DEBUG 92217 --- [           main] w.c.HttpSessionSecurityContextRepository : Retrieved SecurityContextImpl [Authentication=UsernamePasswordAuthenticationToken [Principal=org.springframework.security.core.userdetails.User [Username=john.doe@testmail.com, Password=[PROTECTED], Enabled=true, AccountNonExpired=true, credentialsNonExpired=true, AccountNonLocked=true, Granted Authorities=[ROLE_ADMIN]], Credentials=[PROTECTED], Authenticated=true, Details=null, Granted Authorities=[ROLE_ADMIN]]]
2025-05-13T22:42:54.276-05:00 DEBUG 92217 --- [           main] o.s.security.web.FilterChainProxy        : Secured POST /admin/terminate-user
2025-05-13T22:42:54.276-05:00 DEBUG 92217 --- [           main] o.s.t.web.servlet.TestDispatcherServlet  : POST "/admin/terminate-user", parameters={masked}
2025-05-13T22:42:54.277-05:00 DEBUG 92217 --- [           main] s.w.s.m.m.a.RequestMappingHandlerMapping : Mapped to com.schedule.controller.AdminController#terminateUser(Long, RedirectAttributes)
2025-05-13T22:42:54.284-05:00 DEBUG 92217 --- [           main] o.s.web.servlet.view.RedirectView        : View name 'redirect:', model {}
2025-05-13T22:42:54.285-05:00 DEBUG 92217 --- [           main] o.s.t.web.servlet.TestDispatcherServlet  : Completed 302 FOUND
2025-05-13T22:42:54.308-05:00 DEBUG 92217 --- [           main] org.springframework.test.context.cache   : Spring test ApplicationContext cache statistics: [DefaultContextCache@2d28114b size = 4, maxSize = 32, parentContextCount = 0, hitCount = 226, missCount = 4]
2025-05-13T22:42:54.309-05:00 DEBUG 92217 --- [           main] org.springframework.test.context.cache   : Spring test ApplicationContext cache statistics: [DefaultContextCache@2d28114b size = 4, maxSize = 32, parentContextCount = 0, hitCount = 227, missCount = 4]
2025-05-13T22:42:54.310-05:00 DEBUG 92217 --- [           main] org.springframework.test.context.cache   : Spring test ApplicationContext cache statistics: [DefaultContextCache@2d28114b size = 4, maxSize = 32, parentContextCount = 0, hitCount = 228, missCount = 4]
2025-05-13T22:42:54.310-05:00 DEBUG 92217 --- [           main] org.springframework.test.context.cache   : Spring test ApplicationContext cache statistics: [DefaultContextCache@2d28114b size = 4, maxSize = 32, parentContextCount = 0, hitCount = 229, missCount = 4]
2025-05-13T22:42:54.311-05:00 DEBUG 92217 --- [           main] org.springframework.test.context.cache   : Spring test ApplicationContext cache statistics: [DefaultContextCache@2d28114b size = 4, maxSize = 32, parentContextCount = 0, hitCount = 230, missCount = 4]
2025-05-13T22:42:54.312-05:00 DEBUG 92217 --- [           main] org.springframework.test.context.cache   : Spring test ApplicationContext cache statistics: [DefaultContextCache@2d28114b size = 4, maxSize = 32, parentContextCount = 0, hitCount = 231, missCount = 4]
2025-05-13T22:42:54.313-05:00 DEBUG 92217 --- [           main] org.springframework.test.context.cache   : Spring test ApplicationContext cache statistics: [DefaultContextCache@2d28114b size = 4, maxSize = 32, parentContextCount = 0, hitCount = 232, missCount = 4]
2025-05-13T22:42:54.315-05:00 DEBUG 92217 --- [           main] .c.s.DirtiesContextTestExecutionListener : After test method: class [AdminControllerTest], method [testTerminateUser], class annotated with @DirtiesContext [false] with mode [null], method annotated with @DirtiesContext [false] with mode [null]
]]></system-out>
  </testcase>
  <testcase name="testCreateNewUser" classname="com.schedule.controller.AdminControllerTest" time="0.035">
    <system-out><![CDATA[2025-05-13T22:42:54.323-05:00 DEBUG 92217 --- [           main] org.springframework.test.context.cache   : Spring test ApplicationContext cache statistics: [DefaultContextCache@2d28114b size = 4, maxSize = 32, parentContextCount = 0, hitCount = 233, missCount = 4]
2025-05-13T22:42:54.323-05:00 DEBUG 92217 --- [           main] DependencyInjectionTestExecutionListener : Performing dependency injection for test class com.schedule.controller.AdminControllerTest
2025-05-13T22:42:54.323-05:00 DEBUG 92217 --- [           main] org.springframework.test.context.cache   : Spring test ApplicationContext cache statistics: [DefaultContextCache@2d28114b size = 4, maxSize = 32, parentContextCount = 0, hitCount = 234, missCount = 4]
2025-05-13T22:42:54.325-05:00 DEBUG 92217 --- [           main] org.springframework.test.context.cache   : Spring test ApplicationContext cache statistics: [DefaultContextCache@2d28114b size = 4, maxSize = 32, parentContextCount = 0, hitCount = 235, missCount = 4]
2025-05-13T22:42:54.328-05:00 DEBUG 92217 --- [           main] sContextBeforeModesTestExecutionListener : Before test method: class [AdminControllerTest], method [testCreateNewUser], class annotated with @DirtiesContext [false] with mode [null], method annotated with @DirtiesContext [false] with mode [null]
2025-05-13T22:42:54.331-05:00 DEBUG 92217 --- [           main] org.springframework.test.context.cache   : Spring test ApplicationContext cache statistics: [DefaultContextCache@2d28114b size = 4, maxSize = 32, parentContextCount = 0, hitCount = 236, missCount = 4]
2025-05-13T22:42:54.332-05:00 DEBUG 92217 --- [           main] org.springframework.test.context.cache   : Spring test ApplicationContext cache statistics: [DefaultContextCache@2d28114b size = 4, maxSize = 32, parentContextCount = 0, hitCount = 237, missCount = 4]
2025-05-13T22:42:54.333-05:00 DEBUG 92217 --- [           main] org.springframework.test.context.cache   : Spring test ApplicationContext cache statistics: [DefaultContextCache@2d28114b size = 4, maxSize = 32, parentContextCount = 0, hitCount = 238, missCount = 4]
2025-05-13T22:42:54.336-05:00 DEBUG 92217 --- [           main] o.s.test.util.ReflectionTestUtils        : Invoking method 'getFilters' on target object [FilterChainProxy[Filter Chains: [DefaultSecurityFilterChain [RequestMatcher=any request, Filters=[org.springframework.security.web.session.DisableEncodeUrlFilter@60b16a5b, org.springframework.security.web.context.request.async.WebAsyncManagerIntegrationFilter@6bb4568, org.springframework.security.web.context.SecurityContextHolderFilter@51293850, org.springframework.security.web.header.HeaderWriterFilter@1f7d3d82, org.springframework.security.web.csrf.CsrfFilter@7e89f305, org.springframework.security.web.authentication.logout.LogoutFilter@52f85a6c, org.springframework.security.web.authentication.UsernamePasswordAuthenticationFilter@6906e2e, org.springframework.security.web.authentication.ui.DefaultLoginPageGeneratingFilter@24b5863a, org.springframework.security.web.authentication.ui.DefaultLogoutPageGeneratingFilter@44173c2b, org.springframework.security.web.authentication.www.BasicAuthenticationFilter@7c4b7f2e, org.springframework.security.web.savedrequest.RequestCacheAwareFilter@6009e8ab, org.springframework.security.web.servletapi.SecurityContextHolderAwareRequestFilter@525230df, org.springframework.security.web.authentication.AnonymousAuthenticationFilter@63828988, org.springframework.security.web.access.ExceptionTranslationFilter@2d83ed58, org.springframework.security.web.access.intercept.AuthorizationFilter@29673fc0]]]]] or target class [null] with arguments {org.springframework.mock.web.MockHttpServletRequest@21886b18}
2025-05-13T22:42:54.336-05:00 DEBUG 92217 --- [           main] o.s.test.util.ReflectionTestUtils        : Getting field 'tokenRepository' from target object [org.springframework.security.web.csrf.CsrfFilter@7e89f305] or target class [class org.springframework.security.web.csrf.CsrfFilter]
2025-05-13T22:42:54.338-05:00 DEBUG 92217 --- [           main] o.s.test.util.ReflectionTestUtils        : Invoking method 'getFilters' on target object [FilterChainProxy[Filter Chains: [DefaultSecurityFilterChain [RequestMatcher=any request, Filters=[org.springframework.security.web.session.DisableEncodeUrlFilter@60b16a5b, org.springframework.security.web.context.request.async.WebAsyncManagerIntegrationFilter@6bb4568, org.springframework.security.web.context.SecurityContextHolderFilter@51293850, org.springframework.security.web.header.HeaderWriterFilter@1f7d3d82, org.springframework.security.web.csrf.CsrfFilter@7e89f305, org.springframework.security.web.authentication.logout.LogoutFilter@52f85a6c, org.springframework.security.web.authentication.UsernamePasswordAuthenticationFilter@6906e2e, org.springframework.security.web.authentication.ui.DefaultLoginPageGeneratingFilter@24b5863a, org.springframework.security.web.authentication.ui.DefaultLogoutPageGeneratingFilter@44173c2b, org.springframework.security.web.authentication.www.BasicAuthenticationFilter@7c4b7f2e, org.springframework.security.web.savedrequest.RequestCacheAwareFilter@6009e8ab, org.springframework.security.web.servletapi.SecurityContextHolderAwareRequestFilter@525230df, org.springframework.security.web.authentication.AnonymousAuthenticationFilter@63828988, org.springframework.security.web.access.ExceptionTranslationFilter@2d83ed58, org.springframework.security.web.access.intercept.AuthorizationFilter@29673fc0]]]]] or target class [null] with arguments {org.springframework.mock.web.MockHttpServletRequest@21886b18}
2025-05-13T22:42:54.339-05:00 DEBUG 92217 --- [           main] o.s.test.util.ReflectionTestUtils        : Getting field 'requestHandler' from target object [org.springframework.security.web.csrf.CsrfFilter@7e89f305] or target class [class org.springframework.security.web.csrf.CsrfFilter]
2025-05-13T22:42:54.339-05:00 DEBUG 92217 --- [           main] o.s.test.util.ReflectionTestUtils        : Invoking method 'getFilters' on target object [FilterChainProxy[Filter Chains: [DefaultSecurityFilterChain [RequestMatcher=any request, Filters=[org.springframework.security.web.session.DisableEncodeUrlFilter@60b16a5b, org.springframework.security.web.context.request.async.WebAsyncManagerIntegrationFilter@6bb4568, org.springframework.security.web.context.SecurityContextHolderFilter@51293850, org.springframework.security.web.header.HeaderWriterFilter@1f7d3d82, org.springframework.security.web.csrf.CsrfFilter@7e89f305, org.springframework.security.web.authentication.logout.LogoutFilter@52f85a6c, org.springframework.security.web.authentication.UsernamePasswordAuthenticationFilter@6906e2e, org.springframework.security.web.authentication.ui.DefaultLoginPageGeneratingFilter@24b5863a, org.springframework.security.web.authentication.ui.DefaultLogoutPageGeneratingFilter@44173c2b, org.springframework.security.web.authentication.www.BasicAuthenticationFilter@7c4b7f2e, org.springframework.security.web.savedrequest.RequestCacheAwareFilter@6009e8ab, org.springframework.security.web.servletapi.SecurityContextHolderAwareRequestFilter@525230df, org.springframework.security.web.authentication.AnonymousAuthenticationFilter@63828988, org.springframework.security.web.access.ExceptionTranslationFilter@2d83ed58, org.springframework.security.web.access.intercept.AuthorizationFilter@29673fc0]]]]] or target class [null] with arguments {org.springframework.mock.web.MockHttpServletRequest@21886b18}
2025-05-13T22:42:54.340-05:00 DEBUG 92217 --- [           main] o.s.test.util.ReflectionTestUtils        : Invoking method 'getFilters' on target object [FilterChainProxy[Filter Chains: [DefaultSecurityFilterChain [RequestMatcher=any request, Filters=[org.springframework.security.web.session.DisableEncodeUrlFilter@60b16a5b, org.springframework.security.web.context.request.async.WebAsyncManagerIntegrationFilter@6bb4568, org.springframework.security.web.context.SecurityContextHolderFilter@51293850, org.springframework.security.web.header.HeaderWriterFilter@1f7d3d82, org.springframework.security.web.csrf.CsrfFilter@7e89f305, org.springframework.security.web.authentication.logout.LogoutFilter@52f85a6c, org.springframework.security.web.authentication.UsernamePasswordAuthenticationFilter@6906e2e, org.springframework.security.web.authentication.ui.DefaultLoginPageGeneratingFilter@24b5863a, org.springframework.security.web.authentication.ui.DefaultLogoutPageGeneratingFilter@44173c2b, org.springframework.security.web.authentication.www.BasicAuthenticationFilter@7c4b7f2e, org.springframework.security.web.savedrequest.RequestCacheAwareFilter@6009e8ab, org.springframework.security.web.servletapi.SecurityContextHolderAwareRequestFilter@525230df, org.springframework.security.web.authentication.AnonymousAuthenticationFilter@63828988, org.springframework.security.web.access.ExceptionTranslationFilter@2d83ed58, org.springframework.security.web.access.intercept.AuthorizationFilter@29673fc0]]]]] or target class [null] with arguments {org.springframework.mock.web.MockHttpServletRequest@21886b18}
2025-05-13T22:42:54.340-05:00 DEBUG 92217 --- [           main] o.s.test.util.ReflectionTestUtils        : Getting field 'securityContextRepository' from target object [org.springframework.security.web.context.SecurityContextHolderFilter@51293850] or target class [class org.springframework.security.web.context.SecurityContextHolderFilter]
2025-05-13T22:42:54.340-05:00 DEBUG 92217 --- [           main] w.c.HttpSessionSecurityContextRepository : Created HttpSession as SecurityContext is non-default
2025-05-13T22:42:54.340-05:00 DEBUG 92217 --- [           main] w.c.HttpSessionSecurityContextRepository : Stored SecurityContextImpl [Authentication=UsernamePasswordAuthenticationToken [Principal=org.springframework.security.core.userdetails.User [Username=john.doe@testmail.com, Password=[PROTECTED], Enabled=true, AccountNonExpired=true, credentialsNonExpired=true, AccountNonLocked=true, Granted Authorities=[ROLE_ADMIN]], Credentials=[PROTECTED], Authenticated=true, Details=null, Granted Authorities=[ROLE_ADMIN]]] to HttpSession [org.springframework.mock.web.MockHttpSession@48b1ba91]
2025-05-13T22:42:54.340-05:00 DEBUG 92217 --- [           main] o.s.security.web.FilterChainProxy        : Securing POST /admin/create-user
2025-05-13T22:42:54.341-05:00 DEBUG 92217 --- [           main] w.c.HttpSessionSecurityContextRepository : Retrieved SecurityContextImpl [Authentication=UsernamePasswordAuthenticationToken [Principal=org.springframework.security.core.userdetails.User [Username=john.doe@testmail.com, Password=[PROTECTED], Enabled=true, AccountNonExpired=true, credentialsNonExpired=true, AccountNonLocked=true, Granted Authorities=[ROLE_ADMIN]], Credentials=[PROTECTED], Authenticated=true, Details=null, Granted Authorities=[ROLE_ADMIN]]]
2025-05-13T22:42:54.341-05:00 DEBUG 92217 --- [           main] o.s.security.web.FilterChainProxy        : Secured POST /admin/create-user
2025-05-13T22:42:54.341-05:00 DEBUG 92217 --- [           main] o.s.t.web.servlet.TestDispatcherServlet  : POST "/admin/create-user", parameters={masked}
2025-05-13T22:42:54.341-05:00 DEBUG 92217 --- [           main] s.w.s.m.m.a.RequestMappingHandlerMapping : Mapped to com.schedule.controller.AdminController#createUser(String, String, String, Role, RedirectAttributes)
2025-05-13T22:42:54.354-05:00 DEBUG 92217 --- [           main] o.s.web.servlet.view.RedirectView        : View name 'redirect:', model {}
2025-05-13T22:42:54.354-05:00 DEBUG 92217 --- [           main] o.s.t.web.servlet.TestDispatcherServlet  : Completed 302 FOUND
2025-05-13T22:42:54.358-05:00 DEBUG 92217 --- [           main] org.springframework.test.context.cache   : Spring test ApplicationContext cache statistics: [DefaultContextCache@2d28114b size = 4, maxSize = 32, parentContextCount = 0, hitCount = 239, missCount = 4]
2025-05-13T22:42:54.358-05:00 DEBUG 92217 --- [           main] org.springframework.test.context.cache   : Spring test ApplicationContext cache statistics: [DefaultContextCache@2d28114b size = 4, maxSize = 32, parentContextCount = 0, hitCount = 240, missCount = 4]
2025-05-13T22:42:54.359-05:00 DEBUG 92217 --- [           main] org.springframework.test.context.cache   : Spring test ApplicationContext cache statistics: [DefaultContextCache@2d28114b size = 4, maxSize = 32, parentContextCount = 0, hitCount = 241, missCount = 4]
2025-05-13T22:42:54.359-05:00 DEBUG 92217 --- [           main] org.springframework.test.context.cache   : Spring test ApplicationContext cache statistics: [DefaultContextCache@2d28114b size = 4, maxSize = 32, parentContextCount = 0, hitCount = 242, missCount = 4]
2025-05-13T22:42:54.359-05:00 DEBUG 92217 --- [           main] org.springframework.test.context.cache   : Spring test ApplicationContext cache statistics: [DefaultContextCache@2d28114b size = 4, maxSize = 32, parentContextCount = 0, hitCount = 243, missCount = 4]
2025-05-13T22:42:54.361-05:00 DEBUG 92217 --- [           main] org.springframework.test.context.cache   : Spring test ApplicationContext cache statistics: [DefaultContextCache@2d28114b size = 4, maxSize = 32, parentContextCount = 0, hitCount = 244, missCount = 4]
2025-05-13T22:42:54.361-05:00 DEBUG 92217 --- [           main] org.springframework.test.context.cache   : Spring test ApplicationContext cache statistics: [DefaultContextCache@2d28114b size = 4, maxSize = 32, parentContextCount = 0, hitCount = 245, missCount = 4]
2025-05-13T22:42:54.361-05:00 DEBUG 92217 --- [           main] .c.s.DirtiesContextTestExecutionListener : After test method: class [AdminControllerTest], method [testCreateNewUser], class annotated with @DirtiesContext [false] with mode [null], method annotated with @DirtiesContext [false] with mode [null]
]]></system-out>
  </testcase>
  <testcase name="testResetPassword" classname="com.schedule.controller.AdminControllerTest" time="0.042">
    <system-out><![CDATA[2025-05-13T22:42:54.365-05:00 DEBUG 92217 --- [           main] org.springframework.test.context.cache   : Spring test ApplicationContext cache statistics: [DefaultContextCache@2d28114b size = 4, maxSize = 32, parentContextCount = 0, hitCount = 246, missCount = 4]
2025-05-13T22:42:54.366-05:00 DEBUG 92217 --- [           main] DependencyInjectionTestExecutionListener : Performing dependency injection for test class com.schedule.controller.AdminControllerTest
2025-05-13T22:42:54.366-05:00 DEBUG 92217 --- [           main] org.springframework.test.context.cache   : Spring test ApplicationContext cache statistics: [DefaultContextCache@2d28114b size = 4, maxSize = 32, parentContextCount = 0, hitCount = 247, missCount = 4]
2025-05-13T22:42:54.367-05:00 DEBUG 92217 --- [           main] org.springframework.test.context.cache   : Spring test ApplicationContext cache statistics: [DefaultContextCache@2d28114b size = 4, maxSize = 32, parentContextCount = 0, hitCount = 248, missCount = 4]
2025-05-13T22:42:54.374-05:00 DEBUG 92217 --- [           main] sContextBeforeModesTestExecutionListener : Before test method: class [AdminControllerTest], method [testResetPassword], class annotated with @DirtiesContext [false] with mode [null], method annotated with @DirtiesContext [false] with mode [null]
2025-05-13T22:42:54.375-05:00 DEBUG 92217 --- [           main] org.springframework.test.context.cache   : Spring test ApplicationContext cache statistics: [DefaultContextCache@2d28114b size = 4, maxSize = 32, parentContextCount = 0, hitCount = 249, missCount = 4]
2025-05-13T22:42:54.376-05:00 DEBUG 92217 --- [           main] org.springframework.test.context.cache   : Spring test ApplicationContext cache statistics: [DefaultContextCache@2d28114b size = 4, maxSize = 32, parentContextCount = 0, hitCount = 250, missCount = 4]
2025-05-13T22:42:54.377-05:00 DEBUG 92217 --- [           main] org.springframework.test.context.cache   : Spring test ApplicationContext cache statistics: [DefaultContextCache@2d28114b size = 4, maxSize = 32, parentContextCount = 0, hitCount = 251, missCount = 4]
2025-05-13T22:42:54.380-05:00 DEBUG 92217 --- [           main] o.s.test.util.ReflectionTestUtils        : Invoking method 'getFilters' on target object [FilterChainProxy[Filter Chains: [DefaultSecurityFilterChain [RequestMatcher=any request, Filters=[org.springframework.security.web.session.DisableEncodeUrlFilter@60b16a5b, org.springframework.security.web.context.request.async.WebAsyncManagerIntegrationFilter@6bb4568, org.springframework.security.web.context.SecurityContextHolderFilter@51293850, org.springframework.security.web.header.HeaderWriterFilter@1f7d3d82, org.springframework.security.web.csrf.CsrfFilter@7e89f305, org.springframework.security.web.authentication.logout.LogoutFilter@52f85a6c, org.springframework.security.web.authentication.UsernamePasswordAuthenticationFilter@6906e2e, org.springframework.security.web.authentication.ui.DefaultLoginPageGeneratingFilter@24b5863a, org.springframework.security.web.authentication.ui.DefaultLogoutPageGeneratingFilter@44173c2b, org.springframework.security.web.authentication.www.BasicAuthenticationFilter@7c4b7f2e, org.springframework.security.web.savedrequest.RequestCacheAwareFilter@6009e8ab, org.springframework.security.web.servletapi.SecurityContextHolderAwareRequestFilter@525230df, org.springframework.security.web.authentication.AnonymousAuthenticationFilter@63828988, org.springframework.security.web.access.ExceptionTranslationFilter@2d83ed58, org.springframework.security.web.access.intercept.AuthorizationFilter@29673fc0]]]]] or target class [null] with arguments {org.springframework.mock.web.MockHttpServletRequest@7f180c74}
2025-05-13T22:42:54.381-05:00 DEBUG 92217 --- [           main] o.s.test.util.ReflectionTestUtils        : Getting field 'tokenRepository' from target object [org.springframework.security.web.csrf.CsrfFilter@7e89f305] or target class [class org.springframework.security.web.csrf.CsrfFilter]
2025-05-13T22:42:54.382-05:00 DEBUG 92217 --- [           main] o.s.test.util.ReflectionTestUtils        : Invoking method 'getFilters' on target object [FilterChainProxy[Filter Chains: [DefaultSecurityFilterChain [RequestMatcher=any request, Filters=[org.springframework.security.web.session.DisableEncodeUrlFilter@60b16a5b, org.springframework.security.web.context.request.async.WebAsyncManagerIntegrationFilter@6bb4568, org.springframework.security.web.context.SecurityContextHolderFilter@51293850, org.springframework.security.web.header.HeaderWriterFilter@1f7d3d82, org.springframework.security.web.csrf.CsrfFilter@7e89f305, org.springframework.security.web.authentication.logout.LogoutFilter@52f85a6c, org.springframework.security.web.authentication.UsernamePasswordAuthenticationFilter@6906e2e, org.springframework.security.web.authentication.ui.DefaultLoginPageGeneratingFilter@24b5863a, org.springframework.security.web.authentication.ui.DefaultLogoutPageGeneratingFilter@44173c2b, org.springframework.security.web.authentication.www.BasicAuthenticationFilter@7c4b7f2e, org.springframework.security.web.savedrequest.RequestCacheAwareFilter@6009e8ab, org.springframework.security.web.servletapi.SecurityContextHolderAwareRequestFilter@525230df, org.springframework.security.web.authentication.AnonymousAuthenticationFilter@63828988, org.springframework.security.web.access.ExceptionTranslationFilter@2d83ed58, org.springframework.security.web.access.intercept.AuthorizationFilter@29673fc0]]]]] or target class [null] with arguments {org.springframework.mock.web.MockHttpServletRequest@7f180c74}
2025-05-13T22:42:54.382-05:00 DEBUG 92217 --- [           main] o.s.test.util.ReflectionTestUtils        : Getting field 'requestHandler' from target object [org.springframework.security.web.csrf.CsrfFilter@7e89f305] or target class [class org.springframework.security.web.csrf.CsrfFilter]
2025-05-13T22:42:54.383-05:00 DEBUG 92217 --- [           main] o.s.test.util.ReflectionTestUtils        : Invoking method 'getFilters' on target object [FilterChainProxy[Filter Chains: [DefaultSecurityFilterChain [RequestMatcher=any request, Filters=[org.springframework.security.web.session.DisableEncodeUrlFilter@60b16a5b, org.springframework.security.web.context.request.async.WebAsyncManagerIntegrationFilter@6bb4568, org.springframework.security.web.context.SecurityContextHolderFilter@51293850, org.springframework.security.web.header.HeaderWriterFilter@1f7d3d82, org.springframework.security.web.csrf.CsrfFilter@7e89f305, org.springframework.security.web.authentication.logout.LogoutFilter@52f85a6c, org.springframework.security.web.authentication.UsernamePasswordAuthenticationFilter@6906e2e, org.springframework.security.web.authentication.ui.DefaultLoginPageGeneratingFilter@24b5863a, org.springframework.security.web.authentication.ui.DefaultLogoutPageGeneratingFilter@44173c2b, org.springframework.security.web.authentication.www.BasicAuthenticationFilter@7c4b7f2e, org.springframework.security.web.savedrequest.RequestCacheAwareFilter@6009e8ab, org.springframework.security.web.servletapi.SecurityContextHolderAwareRequestFilter@525230df, org.springframework.security.web.authentication.AnonymousAuthenticationFilter@63828988, org.springframework.security.web.access.ExceptionTranslationFilter@2d83ed58, org.springframework.security.web.access.intercept.AuthorizationFilter@29673fc0]]]]] or target class [null] with arguments {org.springframework.mock.web.MockHttpServletRequest@7f180c74}
2025-05-13T22:42:54.383-05:00 DEBUG 92217 --- [           main] o.s.test.util.ReflectionTestUtils        : Invoking method 'getFilters' on target object [FilterChainProxy[Filter Chains: [DefaultSecurityFilterChain [RequestMatcher=any request, Filters=[org.springframework.security.web.session.DisableEncodeUrlFilter@60b16a5b, org.springframework.security.web.context.request.async.WebAsyncManagerIntegrationFilter@6bb4568, org.springframework.security.web.context.SecurityContextHolderFilter@51293850, org.springframework.security.web.header.HeaderWriterFilter@1f7d3d82, org.springframework.security.web.csrf.CsrfFilter@7e89f305, org.springframework.security.web.authentication.logout.LogoutFilter@52f85a6c, org.springframework.security.web.authentication.UsernamePasswordAuthenticationFilter@6906e2e, org.springframework.security.web.authentication.ui.DefaultLoginPageGeneratingFilter@24b5863a, org.springframework.security.web.authentication.ui.DefaultLogoutPageGeneratingFilter@44173c2b, org.springframework.security.web.authentication.www.BasicAuthenticationFilter@7c4b7f2e, org.springframework.security.web.savedrequest.RequestCacheAwareFilter@6009e8ab, org.springframework.security.web.servletapi.SecurityContextHolderAwareRequestFilter@525230df, org.springframework.security.web.authentication.AnonymousAuthenticationFilter@63828988, org.springframework.security.web.access.ExceptionTranslationFilter@2d83ed58, org.springframework.security.web.access.intercept.AuthorizationFilter@29673fc0]]]]] or target class [null] with arguments {org.springframework.mock.web.MockHttpServletRequest@7f180c74}
2025-05-13T22:42:54.383-05:00 DEBUG 92217 --- [           main] o.s.test.util.ReflectionTestUtils        : Getting field 'securityContextRepository' from target object [org.springframework.security.web.context.SecurityContextHolderFilter@51293850] or target class [class org.springframework.security.web.context.SecurityContextHolderFilter]
2025-05-13T22:42:54.383-05:00 DEBUG 92217 --- [           main] w.c.HttpSessionSecurityContextRepository : Created HttpSession as SecurityContext is non-default
2025-05-13T22:42:54.383-05:00 DEBUG 92217 --- [           main] w.c.HttpSessionSecurityContextRepository : Stored SecurityContextImpl [Authentication=UsernamePasswordAuthenticationToken [Principal=org.springframework.security.core.userdetails.User [Username=john.doe@testmail.com, Password=[PROTECTED], Enabled=true, AccountNonExpired=true, credentialsNonExpired=true, AccountNonLocked=true, Granted Authorities=[ROLE_ADMIN]], Credentials=[PROTECTED], Authenticated=true, Details=null, Granted Authorities=[ROLE_ADMIN]]] to HttpSession [org.springframework.mock.web.MockHttpSession@1e1e53f8]
2025-05-13T22:42:54.384-05:00 DEBUG 92217 --- [           main] o.s.security.web.FilterChainProxy        : Securing POST /admin/reset-password
2025-05-13T22:42:54.385-05:00 DEBUG 92217 --- [           main] w.c.HttpSessionSecurityContextRepository : Retrieved SecurityContextImpl [Authentication=UsernamePasswordAuthenticationToken [Principal=org.springframework.security.core.userdetails.User [Username=john.doe@testmail.com, Password=[PROTECTED], Enabled=true, AccountNonExpired=true, credentialsNonExpired=true, AccountNonLocked=true, Granted Authorities=[ROLE_ADMIN]], Credentials=[PROTECTED], Authenticated=true, Details=null, Granted Authorities=[ROLE_ADMIN]]]
2025-05-13T22:42:54.386-05:00 DEBUG 92217 --- [           main] o.s.security.web.FilterChainProxy        : Secured POST /admin/reset-password
2025-05-13T22:42:54.387-05:00 DEBUG 92217 --- [           main] o.s.t.web.servlet.TestDispatcherServlet  : POST "/admin/reset-password", parameters={masked}
2025-05-13T22:42:54.388-05:00 DEBUG 92217 --- [           main] s.w.s.m.m.a.RequestMappingHandlerMapping : Mapped to com.schedule.controller.AdminController#resetPassword(Long, String, RedirectAttributes)
2025-05-13T22:42:54.391-05:00 DEBUG 92217 --- [           main] o.s.web.servlet.view.RedirectView        : View name 'redirect:', model {}
2025-05-13T22:42:54.392-05:00 DEBUG 92217 --- [           main] o.s.t.web.servlet.TestDispatcherServlet  : Completed 302 FOUND
2025-05-13T22:42:54.409-05:00 DEBUG 92217 --- [           main] org.springframework.test.context.cache   : Spring test ApplicationContext cache statistics: [DefaultContextCache@2d28114b size = 4, maxSize = 32, parentContextCount = 0, hitCount = 252, missCount = 4]
2025-05-13T22:42:54.410-05:00 DEBUG 92217 --- [           main] org.springframework.test.context.cache   : Spring test ApplicationContext cache statistics: [DefaultContextCache@2d28114b size = 4, maxSize = 32, parentContextCount = 0, hitCount = 253, missCount = 4]
2025-05-13T22:42:54.411-05:00 DEBUG 92217 --- [           main] org.springframework.test.context.cache   : Spring test ApplicationContext cache statistics: [DefaultContextCache@2d28114b size = 4, maxSize = 32, parentContextCount = 0, hitCount = 254, missCount = 4]
2025-05-13T22:42:54.411-05:00 DEBUG 92217 --- [           main] org.springframework.test.context.cache   : Spring test ApplicationContext cache statistics: [DefaultContextCache@2d28114b size = 4, maxSize = 32, parentContextCount = 0, hitCount = 255, missCount = 4]
2025-05-13T22:42:54.411-05:00 DEBUG 92217 --- [           main] org.springframework.test.context.cache   : Spring test ApplicationContext cache statistics: [DefaultContextCache@2d28114b size = 4, maxSize = 32, parentContextCount = 0, hitCount = 256, missCount = 4]
2025-05-13T22:42:54.413-05:00 DEBUG 92217 --- [           main] org.springframework.test.context.cache   : Spring test ApplicationContext cache statistics: [DefaultContextCache@2d28114b size = 4, maxSize = 32, parentContextCount = 0, hitCount = 257, missCount = 4]
2025-05-13T22:42:54.413-05:00 DEBUG 92217 --- [           main] org.springframework.test.context.cache   : Spring test ApplicationContext cache statistics: [DefaultContextCache@2d28114b size = 4, maxSize = 32, parentContextCount = 0, hitCount = 258, missCount = 4]
2025-05-13T22:42:54.414-05:00 DEBUG 92217 --- [           main] .c.s.DirtiesContextTestExecutionListener : After test method: class [AdminControllerTest], method [testResetPassword], class annotated with @DirtiesContext [false] with mode [null], method annotated with @DirtiesContext [false] with mode [null]
]]></system-out>
  </testcase>
</testsuite>